{"name":"systemlogs","hostname":"CSCINDAH771391","pid":16332,"level":60,"err":"Cannot find module 'passport-local'","msg":"Uncaught Exception","time":"2016-09-26T14:52:38.162Z","src":{"file":"D:\\youfirst-main\\scripts\\process.js","line":7},"v":0}
{"name":"systemlogs","hostname":"CSCINDAH771391","pid":16376,"level":60,"err":"Cannot find module 'passport-facebook'","msg":"Uncaught Exception","time":"2016-09-26T14:53:19.771Z","src":{"file":"D:\\youfirst-main\\scripts\\process.js","line":7},"v":0}
{"name":"systemlogs","hostname":"CSCINDAH771391","pid":6584,"level":60,"err":"Cannot find module 'passport-facebook'","msg":"Uncaught Exception","time":"2016-09-26T14:53:47.111Z","src":{"file":"D:\\youfirst-main\\scripts\\process.js","line":7},"v":0}
{"name":"systemlogs","hostname":"CSCINDAH771391","pid":16324,"level":60,"err":"Cannot find module 'passport-twitter'","msg":"Uncaught Exception","time":"2016-09-26T14:54:28.659Z","src":{"file":"D:\\youfirst-main\\scripts\\process.js","line":7},"v":0}
{"name":"systemlogs","hostname":"CSCINDAH771391","pid":9604,"level":60,"err":"Cannot find module 'passport-google-oauth'","msg":"Uncaught Exception","time":"2016-09-26T14:55:02.796Z","src":{"file":"D:\\youfirst-main\\scripts\\process.js","line":7},"v":0}
{"name":"systemlogs","hostname":"CSCINDAH771391","pid":11640,"level":60,"err":"Cannot find module 'bcryptjs'","msg":"Uncaught Exception","time":"2016-09-26T14:55:39.003Z","src":{"file":"D:\\youfirst-main\\scripts\\process.js","line":7},"v":0}
{"name":"systemlogs","hostname":"CSCINDAH771391","pid":4516,"level":60,"err":"Cannot find module 'nodemailer'","msg":"Uncaught Exception","time":"2016-09-26T14:56:12.821Z","src":{"file":"D:\\youfirst-main\\scripts\\process.js","line":7},"v":0}
{"name":"systemlogs","hostname":"CSCINDAH771391","pid":14332,"level":60,"err":"Cannot find module 'email-templates'","msg":"Uncaught Exception","time":"2016-09-26T14:57:00.375Z","src":{"file":"D:\\youfirst-main\\scripts\\process.js","line":7},"v":0}
{"name":"systemlogs","hostname":"CSCINDAH771391","pid":13616,"level":60,"err":"Cannot find module 'express-session'","msg":"Uncaught Exception","time":"2016-09-26T14:58:26.079Z","src":{"file":"D:\\youfirst-main\\scripts\\process.js","line":7},"v":0}
{"name":"systemlogs","hostname":"CSCINDAH771391","pid":15152,"level":60,"err":"Cannot find module 'express-device'","msg":"Uncaught Exception","time":"2016-09-26T14:59:05.996Z","src":{"file":"D:\\youfirst-main\\scripts\\process.js","line":7},"v":0}
{"name":"systemlogs","hostname":"CSCINDAH771391","pid":15304,"level":60,"err":"Cannot find module 'express-device'","msg":"Uncaught Exception","time":"2016-09-26T14:59:50.274Z","src":{"file":"D:\\youfirst-main\\scripts\\process.js","line":7},"v":0}
{"name":"systemlogs","hostname":"CSCINDAH771391","pid":11468,"level":60,"err":"mongoose is not defined","msg":"Uncaught Exception","time":"2016-09-27T21:43:06.759Z","src":{"file":"D:\\youfirst-main\\scripts\\process.js","line":7},"v":0}
{"name":"systemlogs","hostname":"CSCINDAH771391","pid":14556,"level":60,"err":"Unexpected string","msg":"Uncaught Exception","time":"2016-09-27T23:55:55.913Z","src":{"file":"D:\\youfirst-main\\scripts\\process.js","line":7},"v":0}
{"name":"systemlogs","hostname":"CSCINDAH771391","pid":9972,"level":50,"err":{"message":"Cast to ObjectId failed for value \"undefined\" at path \"_id\"","name":"CastError","type":"ObjectId","value":"undefined","path":"_id"},"msg":"Error in Position By Id Service","time":"2016-09-29T06:44:58.319Z","src":{"file":"D:\\youfirst-main\\services\\positions.js","line":49},"v":0}
{"name":"systemlogs","hostname":"CSCINDAH771391","pid":9316,"level":60,"err":"Unexpected token :","msg":"Uncaught Exception","time":"2016-09-29T09:59:36.390Z","src":{"file":"D:\\youfirst-main\\scripts\\process.js","line":7},"v":0}
{"name":"systemlogs","hostname":"CSCINDAH771391","pid":12880,"level":60,"err":"Unexpected token :","msg":"Uncaught Exception","time":"2016-09-29T10:02:05.215Z","src":{"file":"D:\\youfirst-main\\scripts\\process.js","line":7},"v":0}
{"name":"systemlogs","hostname":"CSCINDAH771391","pid":3164,"level":60,"err":"Unexpected token :","msg":"Uncaught Exception","time":"2016-09-29T10:07:35.704Z","src":{"file":"D:\\youfirst-main\\scripts\\process.js","line":7},"v":0}
{"name":"systemlogs","hostname":"CSCINDAH771391","pid":16660,"level":60,"err":"Unexpected token :","msg":"Uncaught Exception","time":"2016-09-29T10:14:50.831Z","src":{"file":"D:\\youfirst-main\\scripts\\process.js","line":7},"v":0}
{"name":"systemlogs","hostname":"CSCINDAH771391","pid":16788,"level":60,"err":"Unexpected token :","msg":"Uncaught Exception","time":"2016-09-29T10:16:09.348Z","src":{"file":"D:\\youfirst-main\\scripts\\process.js","line":7},"v":0}
{"name":"systemlogs","hostname":"CSCINDAH771391","pid":9952,"level":60,"err":"Unexpected token :","msg":"Uncaught Exception","time":"2016-09-29T10:19:08.520Z","src":{"file":"D:\\youfirst-main\\scripts\\process.js","line":7},"v":0}
{"name":"systemlogs","hostname":"CSCINDAH771391","pid":11588,"level":60,"err":"Unexpected token :","msg":"Uncaught Exception","time":"2016-09-29T10:20:52.857Z","src":{"file":"D:\\youfirst-main\\scripts\\process.js","line":7},"v":0}
{"name":"systemlogs","hostname":"CSCINDAH771391","pid":8676,"level":60,"err":"Unexpected token :","msg":"Uncaught Exception","time":"2016-09-29T10:22:31.209Z","src":{"file":"D:\\youfirst-main\\scripts\\process.js","line":7},"v":0}
{"name":"systemlogs","hostname":"CSCINDAH771391","pid":13888,"level":60,"err":"Unexpected token :","msg":"Uncaught Exception","time":"2016-09-29T10:27:59.939Z","src":{"file":"D:\\youfirst-main\\scripts\\process.js","line":7},"v":0}
{"name":"systemlogs","hostname":"CSCINDAH771391","pid":12068,"level":60,"err":"Unexpected token :","msg":"Uncaught Exception","time":"2016-09-29T10:30:30.820Z","src":{"file":"D:\\youfirst-main\\scripts\\process.js","line":7},"v":0}
{"name":"systemlogs","hostname":"CSCINDAH771391","pid":5912,"level":60,"err":"Unexpected token :","msg":"Uncaught Exception","time":"2016-09-29T10:34:33.493Z","src":{"file":"D:\\youfirst-main\\scripts\\process.js","line":7},"v":0}
{"name":"systemlogs","hostname":"CSCINDAH771391","pid":5504,"level":60,"err":"Unexpected token :","msg":"Uncaught Exception","time":"2016-09-29T10:37:16.618Z","src":{"file":"D:\\youfirst-main\\scripts\\process.js","line":7},"v":0}
{"name":"systemlogs","hostname":"CSCINDAH771391","pid":15700,"level":60,"err":"candidates is not defined","msg":"Uncaught Exception","time":"2016-09-29T10:40:49.077Z","src":{"file":"D:\\youfirst-main\\scripts\\process.js","line":7},"v":0}
{"name":"systemlogs","hostname":"CSCINDAH771391","pid":14224,"level":60,"err":"Unexpected token :","msg":"Uncaught Exception","time":"2016-09-29T10:45:13.938Z","src":{"file":"D:\\youfirst-main\\scripts\\process.js","line":7},"v":0}
{"name":"systemlogs","hostname":"CSCINDAH771391","pid":14788,"level":60,"err":"Unexpected token :","msg":"Uncaught Exception","time":"2016-09-29T10:48:16.635Z","src":{"file":"D:\\youfirst-main\\scripts\\process.js","line":7},"v":0}
{"name":"systemlogs","hostname":"CSCINDAH771391","pid":16300,"level":60,"err":"Unexpected token :","msg":"Uncaught Exception","time":"2016-09-29T10:55:26.043Z","src":{"file":"D:\\youfirst-main\\scripts\\process.js","line":7},"v":0}
{"name":"systemlogs","hostname":"CSCINDAH771391","pid":15640,"level":60,"err":"Unexpected token :","msg":"Uncaught Exception","time":"2016-09-29T10:59:31.541Z","src":{"file":"D:\\youfirst-main\\scripts\\process.js","line":7},"v":0}
{"name":"systemlogs","hostname":"CSCINDAH771391","pid":12068,"level":60,"err":"Unexpected token :","msg":"Uncaught Exception","time":"2016-09-29T11:01:13.073Z","src":{"file":"D:\\youfirst-main\\scripts\\process.js","line":7},"v":0}
{"name":"systemlogs","hostname":"CSCINDAH771391","pid":14036,"level":60,"err":"Unexpected token :","msg":"Uncaught Exception","time":"2016-09-29T11:11:29.101Z","src":{"file":"D:\\youfirst-main\\scripts\\process.js","line":7},"v":0}
{"name":"systemlogs","hostname":"CSCINDAH771391","pid":14080,"level":60,"err":"Unexpected token :","msg":"Uncaught Exception","time":"2016-09-29T11:13:02.088Z","src":{"file":"D:\\youfirst-main\\scripts\\process.js","line":7},"v":0}
{"name":"systemlogs","hostname":"CSCINDAH771391","pid":16440,"level":60,"err":"Unexpected token :","msg":"Uncaught Exception","time":"2016-09-29T11:24:42.874Z","src":{"file":"D:\\youfirst-main\\scripts\\process.js","line":7},"v":0}
{"name":"systemlogs","hostname":"CSCINDAH771391","pid":13460,"level":60,"err":"Unexpected token :","msg":"Uncaught Exception","time":"2016-09-29T11:29:09.047Z","src":{"file":"D:\\youfirst-main\\scripts\\process.js","line":7},"v":0}
{"name":"systemlogs","hostname":"CSCINDAH771391","pid":11972,"level":60,"err":"Unexpected token :","msg":"Uncaught Exception","time":"2016-09-29T12:18:41.450Z","src":{"file":"D:\\youfirst-main\\scripts\\process.js","line":7},"v":0}
{"name":"systemlogs","hostname":"CSCINDAH771391","pid":11952,"level":60,"err":"Unexpected token :","msg":"Uncaught Exception","time":"2016-09-29T12:40:52.196Z","src":{"file":"D:\\youfirst-main\\scripts\\process.js","line":7},"v":0}
{"name":"systemlogs","hostname":"CSCINDAH771391","pid":14608,"level":60,"err":"Unexpected token :","msg":"Uncaught Exception","time":"2016-09-29T12:41:31.145Z","src":{"file":"D:\\youfirst-main\\scripts\\process.js","line":7},"v":0}
{"name":"systemlogs","hostname":"CSCINDAH771391","pid":17852,"level":50,"err":{"message":"Cast to ObjectId failed for value \"candidates\" at path \"_id\"","name":"CastError","type":"ObjectId","value":"candidates","path":"_id"},"msg":"Error in Position By Id Service","time":"2016-09-30T09:28:15.145Z","src":{"file":"D:\\youfirst-main\\services\\positions.js","line":51},"v":0}
{"name":"systemlogs","hostname":"CSCINDAH771391","pid":17852,"level":50,"err":{"message":"Cast to ObjectId failed for value \"candidates\" at path \"_id\"","name":"CastError","type":"ObjectId","value":"candidates","path":"_id"},"msg":"Error in Position By Id Service","time":"2016-09-30T09:28:51.024Z","src":{"file":"D:\\youfirst-main\\services\\positions.js","line":51},"v":0}
{"name":"systemlogs","hostname":"CSCINDAH771391","pid":12068,"level":50,"err":{"message":"Cast to ObjectId failed for value \"candidates\" at path \"_id\"","name":"CastError","type":"ObjectId","value":"candidates","path":"_id"},"msg":"Error in Position By Id Service","time":"2016-09-30T09:33:16.492Z","src":{"file":"D:\\youfirst-main\\services\\positions.js","line":51},"v":0}
{"name":"systemlogs","hostname":"CSCINDAH771391","pid":12068,"level":50,"err":{"message":"Cast to ObjectId failed for value \"candidates\" at path \"_id\"","name":"CastError","type":"ObjectId","value":"candidates","path":"_id"},"msg":"Error in Position By Id Service","time":"2016-09-30T09:33:18.313Z","src":{"file":"D:\\youfirst-main\\services\\positions.js","line":51},"v":0}
{"name":"systemlogs","hostname":"CSCINDAH771391","pid":12068,"level":50,"err":{"message":"Cast to ObjectId failed for value \"candidates\" at path \"_id\"","name":"CastError","type":"ObjectId","value":"candidates","path":"_id"},"msg":"Error in Position By Id Service","time":"2016-09-30T09:33:19.306Z","src":{"file":"D:\\youfirst-main\\services\\positions.js","line":51},"v":0}
{"name":"systemlogs","hostname":"CSCINDAH771391","pid":12068,"level":50,"err":{"message":"Cast to ObjectId failed for value \"candidates\" at path \"_id\"","name":"CastError","type":"ObjectId","value":"candidates","path":"_id"},"msg":"Error in Position By Id Service","time":"2016-09-30T09:35:36.225Z","src":{"file":"D:\\youfirst-main\\services\\positions.js","line":51},"v":0}
{"name":"systemlogs","hostname":"CSCINDAH771391","pid":14616,"level":50,"err":{"message":"Cast to ObjectId failed for value \"candidates\" at path \"_id\"","name":"CastError","type":"ObjectId","value":"candidates","path":"_id"},"msg":"Error in Position By Id Service","time":"2016-09-30T09:44:49.855Z","src":{"file":"D:\\youfirst-main\\services\\positions.js","line":51},"v":0}
{"name":"systemlogs","hostname":"CSCINDAH771391","pid":14616,"level":50,"err":{"message":"Cast to ObjectId failed for value \"candidates\" at path \"_id\"","name":"CastError","type":"ObjectId","value":"candidates","path":"_id"},"msg":"Error in Position By Id Service","time":"2016-09-30T09:44:51.026Z","src":{"file":"D:\\youfirst-main\\services\\positions.js","line":51},"v":0}
{"name":"systemlogs","hostname":"CSCINDAH771391","pid":14616,"level":50,"err":{"message":"Cast to ObjectId failed for value \"candidates\" at path \"_id\"","name":"CastError","type":"ObjectId","value":"candidates","path":"_id"},"msg":"Error in Position By Id Service","time":"2016-09-30T09:44:51.778Z","src":{"file":"D:\\youfirst-main\\services\\positions.js","line":51},"v":0}
{"name":"systemlogs","hostname":"CSCINDAH771391","pid":14616,"level":50,"err":{"message":"Cast to ObjectId failed for value \"candidates\" at path \"_id\"","name":"CastError","type":"ObjectId","value":"candidates","path":"_id"},"msg":"Error in Position By Id Service","time":"2016-09-30T09:44:53.509Z","src":{"file":"D:\\youfirst-main\\services\\positions.js","line":51},"v":0}
{"name":"systemlogs","hostname":"CSCINDAH771391","pid":14616,"level":50,"err":{"message":"Cast to ObjectId failed for value \"candidates\" at path \"_id\"","name":"CastError","type":"ObjectId","value":"candidates","path":"_id"},"msg":"Error in Position By Id Service","time":"2016-09-30T09:44:56.161Z","src":{"file":"D:\\youfirst-main\\services\\positions.js","line":51},"v":0}
{"name":"systemlogs","hostname":"CSCINDAH771391","pid":2552,"level":50,"err":{"message":"Cast to ObjectId failed for value \"candidates\" at path \"_id\"","name":"CastError","type":"ObjectId","value":"candidates","path":"_id"},"msg":"Error in Position By Id Service","time":"2016-09-30T09:56:19.336Z","src":{"file":"D:\\youfirst-main\\services\\positions.js","line":51},"v":0}
