{"name":"systemlogs","hostname":"CSCINDAH771391","pid":16332,"level":60,"err":"Cannot find module 'passport-local'","msg":"Uncaught Exception","time":"2016-09-26T14:52:38.162Z","src":{"file":"D:\\youfirst-main\\scripts\\process.js","line":7},"v":0}
{"name":"systemlogs","hostname":"CSCINDAH771391","pid":16376,"level":60,"err":"Cannot find module 'passport-facebook'","msg":"Uncaught Exception","time":"2016-09-26T14:53:19.771Z","src":{"file":"D:\\youfirst-main\\scripts\\process.js","line":7},"v":0}
{"name":"systemlogs","hostname":"CSCINDAH771391","pid":6584,"level":60,"err":"Cannot find module 'passport-facebook'","msg":"Uncaught Exception","time":"2016-09-26T14:53:47.111Z","src":{"file":"D:\\youfirst-main\\scripts\\process.js","line":7},"v":0}
{"name":"systemlogs","hostname":"CSCINDAH771391","pid":16324,"level":60,"err":"Cannot find module 'passport-twitter'","msg":"Uncaught Exception","time":"2016-09-26T14:54:28.659Z","src":{"file":"D:\\youfirst-main\\scripts\\process.js","line":7},"v":0}
{"name":"systemlogs","hostname":"CSCINDAH771391","pid":9604,"level":60,"err":"Cannot find module 'passport-google-oauth'","msg":"Uncaught Exception","time":"2016-09-26T14:55:02.796Z","src":{"file":"D:\\youfirst-main\\scripts\\process.js","line":7},"v":0}
{"name":"systemlogs","hostname":"CSCINDAH771391","pid":11640,"level":60,"err":"Cannot find module 'bcryptjs'","msg":"Uncaught Exception","time":"2016-09-26T14:55:39.003Z","src":{"file":"D:\\youfirst-main\\scripts\\process.js","line":7},"v":0}
{"name":"systemlogs","hostname":"CSCINDAH771391","pid":4516,"level":60,"err":"Cannot find module 'nodemailer'","msg":"Uncaught Exception","time":"2016-09-26T14:56:12.821Z","src":{"file":"D:\\youfirst-main\\scripts\\process.js","line":7},"v":0}
{"name":"systemlogs","hostname":"CSCINDAH771391","pid":14332,"level":60,"err":"Cannot find module 'email-templates'","msg":"Uncaught Exception","time":"2016-09-26T14:57:00.375Z","src":{"file":"D:\\youfirst-main\\scripts\\process.js","line":7},"v":0}
{"name":"systemlogs","hostname":"CSCINDAH771391","pid":13616,"level":60,"err":"Cannot find module 'express-session'","msg":"Uncaught Exception","time":"2016-09-26T14:58:26.079Z","src":{"file":"D:\\youfirst-main\\scripts\\process.js","line":7},"v":0}
{"name":"systemlogs","hostname":"CSCINDAH771391","pid":15152,"level":60,"err":"Cannot find module 'express-device'","msg":"Uncaught Exception","time":"2016-09-26T14:59:05.996Z","src":{"file":"D:\\youfirst-main\\scripts\\process.js","line":7},"v":0}
{"name":"systemlogs","hostname":"CSCINDAH771391","pid":15304,"level":60,"err":"Cannot find module 'express-device'","msg":"Uncaught Exception","time":"2016-09-26T14:59:50.274Z","src":{"file":"D:\\youfirst-main\\scripts\\process.js","line":7},"v":0}
{"name":"systemlogs","hostname":"CSCINDAH771391","pid":7684,"level":30,"userId":"57e93960699d59041ea5458f","userEmail":"saniyan@csc.com","msg":"User Data Updated","time":"2016-09-26T15:10:22.817Z","src":{"file":"D:\\youfirst-main\\services\\users.js","line":121},"v":0}
{"name":"systemlogs","hostname":"CSCINDAH771391","pid":7684,"level":30,"userId":"57e93960699d59041ea5458f","userEmail":"saniyan@csc.com","msg":"User Data Updated","time":"2016-09-26T15:14:39.129Z","src":{"file":"D:\\youfirst-main\\services\\users.js","line":121},"v":0}
{"name":"systemlogs","hostname":"CSCINDAH771391","pid":13392,"level":30,"userId":"57e93960699d59041ea5458f","userEmail":"saniyan@csc.com","msg":"User Data Updated","time":"2016-09-27T07:23:50.328Z","src":{"file":"D:\\youfirst-main\\services\\users.js","line":121},"v":0}
{"name":"systemlogs","hostname":"CSCINDAH771391","pid":13452,"level":30,"userId":"57e93960699d59041ea5458f","userEmail":"saniyan@csc.com","msg":"User Data Updated","time":"2016-09-27T08:53:21.827Z","src":{"file":"D:\\youfirst-main\\services\\users.js","line":121},"v":0}
{"name":"systemlogs","hostname":"CSCINDAH771391","pid":15632,"level":30,"userId":"57e93960699d59041ea5458f","userEmail":"saniyan@csc.com","msg":"User Data Updated","time":"2016-09-27T09:09:01.266Z","src":{"file":"D:\\youfirst-main\\services\\users.js","line":121},"v":0}
{"name":"systemlogs","hostname":"CSCINDAH771391","pid":15320,"level":30,"userId":"57e93960699d59041ea5458f","userEmail":"saniyan@csc.com","msg":"User Data Updated","time":"2016-09-27T09:21:20.806Z","src":{"file":"D:\\youfirst-main\\services\\users.js","line":121},"v":0}
{"name":"systemlogs","hostname":"CSCINDAH771391","pid":15692,"level":30,"userId":"57e93960699d59041ea5458f","userEmail":"saniyan@csc.com","msg":"User Data Updated","time":"2016-09-27T09:28:22.799Z","src":{"file":"D:\\youfirst-main\\services\\users.js","line":121},"v":0}
{"name":"systemlogs","hostname":"CSCINDAH771391","pid":15692,"level":30,"userId":"57e93960699d59041ea5458f","userEmail":"saniyan@csc.com","msg":"User Data Updated","time":"2016-09-27T09:34:12.693Z","src":{"file":"D:\\youfirst-main\\services\\users.js","line":121},"v":0}
{"name":"systemlogs","hostname":"CSCINDAH771391","pid":14788,"level":30,"userId":"57e93960699d59041ea5458f","userEmail":"saniyan@csc.com","msg":"User Data Updated","time":"2016-09-27T09:52:21.284Z","src":{"file":"D:\\youfirst-main\\services\\users.js","line":121},"v":0}
{"name":"systemlogs","hostname":"CSCINDAH771391","pid":14788,"level":30,"userId":"57e93960699d59041ea5458f","userEmail":"saniyan@csc.com","msg":"User Data Updated","time":"2016-09-27T10:18:34.982Z","src":{"file":"D:\\youfirst-main\\services\\users.js","line":121},"v":0}
{"name":"systemlogs","hostname":"CSCINDAH771391","pid":2192,"level":30,"userId":"57e93960699d59041ea5458f","userEmail":"saniyan@csc.com","msg":"User Data Updated","time":"2016-09-27T10:20:09.526Z","src":{"file":"D:\\youfirst-main\\services\\users.js","line":121},"v":0}
{"name":"systemlogs","hostname":"CSCINDAH771391","pid":10856,"level":30,"userId":"57e93960699d59041ea5458f","userEmail":"saniyan@csc.com","msg":"User Data Updated","time":"2016-09-27T10:40:22.712Z","src":{"file":"D:\\youfirst-main\\services\\users.js","line":121},"v":0}
{"name":"systemlogs","hostname":"CSCINDAH771391","pid":11468,"level":60,"err":"mongoose is not defined","msg":"Uncaught Exception","time":"2016-09-27T21:43:06.759Z","src":{"file":"D:\\youfirst-main\\scripts\\process.js","line":7},"v":0}
{"name":"systemlogs","hostname":"CSCINDAH771391","pid":12040,"level":30,"userId":"57eaee7cb183b0082feebd92","userEmail":"saniyan@csc.com","msg":"User Data Updated","time":"2016-09-27T22:12:59.863Z","src":{"file":"D:\\youfirst-main\\services\\users.js","line":121},"v":0}
{"name":"systemlogs","hostname":"CSCINDAH771391","pid":11372,"level":30,"userId":"57eaee7cb183b0082feebd92","userEmail":"saniyan@csc.com","msg":"User Data Updated","time":"2016-09-27T22:30:39.406Z","src":{"file":"D:\\youfirst-main\\services\\users.js","line":121},"v":0}
{"name":"systemlogs","hostname":"CSCINDAH771391","pid":6492,"level":30,"userId":"57eaee7cb183b0082feebd92","userEmail":"saniyan@csc.com","msg":"User Data Updated","time":"2016-09-27T22:39:04.189Z","src":{"file":"D:\\youfirst-main\\services\\users.js","line":121},"v":0}
{"name":"systemlogs","hostname":"CSCINDAH771391","pid":13020,"level":30,"userId":"57eaee7cb183b0082feebd92","userEmail":"saniyan@csc.com","msg":"User Data Updated","time":"2016-09-27T22:46:26.632Z","src":{"file":"D:\\youfirst-main\\services\\users.js","line":121},"v":0}
{"name":"systemlogs","hostname":"CSCINDAH771391","pid":15128,"level":30,"userId":"57eaee7cb183b0082feebd92","userEmail":"saniyan@csc.com","msg":"User Data Updated","time":"2016-09-27T22:47:59.004Z","src":{"file":"D:\\youfirst-main\\services\\users.js","line":121},"v":0}
{"name":"systemlogs","hostname":"CSCINDAH771391","pid":15128,"level":30,"userId":"57eaee7cb183b0082feebd92","userEmail":"saniyan@csc.com","msg":"User Data Updated","time":"2016-09-27T23:00:10.927Z","src":{"file":"D:\\youfirst-main\\services\\users.js","line":121},"v":0}
{"name":"systemlogs","hostname":"CSCINDAH771391","pid":15128,"level":30,"userId":"57eaee7cb183b0082feebd92","userEmail":"saniyan@csc.com","msg":"User Data Updated","time":"2016-09-27T23:00:30.874Z","src":{"file":"D:\\youfirst-main\\services\\users.js","line":121},"v":0}
{"name":"systemlogs","hostname":"CSCINDAH771391","pid":15128,"level":30,"userId":"a20474567892345678900021","userEmail":"admin@appxl.com","msg":"User Data Updated","time":"2016-09-27T23:01:13.309Z","src":{"file":"D:\\youfirst-main\\services\\users.js","line":121},"v":0}
{"name":"systemlogs","hostname":"CSCINDAH771391","pid":14824,"level":30,"userId":"a20474567892345678900021","userEmail":"admin@appxl.com","msg":"User Data Updated","time":"2016-09-27T23:08:47.589Z","src":{"file":"D:\\youfirst-main\\services\\users.js","line":121},"v":0}
{"name":"systemlogs","hostname":"CSCINDAH771391","pid":9508,"level":30,"userId":"a20474567892345678900021","userEmail":"admin@appxl.com","msg":"User Data Updated","time":"2016-09-27T23:10:50.401Z","src":{"file":"D:\\youfirst-main\\services\\users.js","line":121},"v":0}
{"name":"systemlogs","hostname":"CSCINDAH771391","pid":12444,"level":30,"userId":"a20474567892345678900021","userEmail":"admin@appxl.com","msg":"User Data Updated","time":"2016-09-27T23:13:20.042Z","src":{"file":"D:\\youfirst-main\\services\\users.js","line":121},"v":0}
{"name":"systemlogs","hostname":"CSCINDAH771391","pid":13740,"level":30,"userId":"a20474567892345678900021","userEmail":"admin@appxl.com","msg":"User Data Updated","time":"2016-09-27T23:23:20.365Z","src":{"file":"D:\\youfirst-main\\services\\users.js","line":121},"v":0}
{"name":"systemlogs","hostname":"CSCINDAH771391","pid":8532,"level":30,"userId":"a20474567892345678900021","userEmail":"admin@appxl.com","msg":"User Data Updated","time":"2016-09-27T23:24:40.515Z","src":{"file":"D:\\youfirst-main\\services\\users.js","line":121},"v":0}
{"name":"systemlogs","hostname":"CSCINDAH771391","pid":6980,"level":30,"userId":"a20474567892345678900021","userEmail":"admin@appxl.com","msg":"User Data Updated","time":"2016-09-27T23:45:48.896Z","src":{"file":"D:\\youfirst-main\\services\\users.js","line":121},"v":0}
{"name":"systemlogs","hostname":"CSCINDAH771391","pid":14556,"level":60,"err":"Unexpected string","msg":"Uncaught Exception","time":"2016-09-27T23:55:55.913Z","src":{"file":"D:\\youfirst-main\\scripts\\process.js","line":7},"v":0}
{"name":"systemlogs","hostname":"CSCINDAH771391","pid":16132,"level":30,"userId":"a20474567892345678900021","userEmail":"admin@appxl.com","msg":"User Data Updated","time":"2016-09-27T23:57:16.521Z","src":{"file":"D:\\youfirst-main\\services\\users.js","line":121},"v":0}
{"name":"systemlogs","hostname":"CSCINDAH771391","pid":2604,"level":30,"userId":"a20474567892345678900021","userEmail":"admin@appxl.com","msg":"User Data Updated","time":"2016-09-28T00:00:35.354Z","src":{"file":"D:\\youfirst-main\\services\\users.js","line":121},"v":0}
{"name":"systemlogs","hostname":"CSCINDAH771391","pid":2604,"level":30,"userId":"57eaee7cb183b0082feebd92","userEmail":"saniyan@csc.com","msg":"User Data Updated","time":"2016-09-28T04:58:27.953Z","src":{"file":"D:\\youfirst-main\\services\\users.js","line":121},"v":0}
{"name":"systemlogs","hostname":"CSCINDAH771391","pid":12840,"level":30,"userId":"a20474567892345678900021","userEmail":"admin@appxl.com","msg":"User Data Updated","time":"2016-09-28T05:19:39.139Z","src":{"file":"D:\\youfirst-main\\services\\users.js","line":121},"v":0}
{"name":"systemlogs","hostname":"CSCINDAH771391","pid":14928,"level":30,"userId":"a20474567892345678900021","userEmail":"admin@appxl.com","msg":"User Data Updated","time":"2016-09-28T05:27:46.587Z","src":{"file":"D:\\youfirst-main\\services\\users.js","line":121},"v":0}
{"name":"systemlogs","hostname":"CSCINDAH771391","pid":14928,"level":30,"userId":"a20474567892345678900021","userEmail":"admin@appxl.com","msg":"User Data Updated","time":"2016-09-28T06:07:29.267Z","src":{"file":"D:\\youfirst-main\\services\\users.js","line":121},"v":0}
{"name":"systemlogs","hostname":"CSCINDAH771391","pid":14924,"level":30,"userId":"a20474567892345678900021","userEmail":"admin@appxl.com","msg":"User Data Updated","time":"2016-09-28T06:58:16.016Z","src":{"file":"D:\\youfirst-main\\services\\users.js","line":121},"v":0}
{"name":"systemlogs","hostname":"CSCINDAH771391","pid":14924,"level":30,"userId":"a20474567892345678900021","userEmail":"admin@appxl.com","msg":"User Data Updated","time":"2016-09-28T07:07:08.627Z","src":{"file":"D:\\youfirst-main\\services\\users.js","line":121},"v":0}
{"name":"systemlogs","hostname":"CSCINDAH771391","pid":11256,"level":30,"userId":"a20474567892345678900021","userEmail":"admin@appxl.com","msg":"User Data Updated","time":"2016-09-28T07:07:46.690Z","src":{"file":"D:\\youfirst-main\\services\\users.js","line":121},"v":0}
{"name":"systemlogs","hostname":"CSCINDAH771391","pid":5084,"level":30,"userId":"a20474567892345678900021","userEmail":"admin@appxl.com","msg":"User Data Updated","time":"2016-09-28T07:17:40.989Z","src":{"file":"D:\\youfirst-main\\services\\users.js","line":121},"v":0}
{"name":"systemlogs","hostname":"CSCINDAH771391","pid":6004,"level":30,"userId":"a20474567892345678900021","userEmail":"admin@appxl.com","msg":"User Data Updated","time":"2016-09-28T07:20:43.075Z","src":{"file":"D:\\youfirst-main\\services\\users.js","line":121},"v":0}
{"name":"systemlogs","hostname":"CSCINDAH771391","pid":15348,"level":30,"userId":"a20474567892345678900021","userEmail":"admin@appxl.com","msg":"User Data Updated","time":"2016-09-28T08:12:06.298Z","src":{"file":"D:\\youfirst-main\\services\\users.js","line":121},"v":0}
{"name":"systemlogs","hostname":"CSCINDAH771391","pid":12676,"level":30,"userId":"a20474567892345678900021","userEmail":"admin@appxl.com","msg":"User Data Updated","time":"2016-09-28T08:13:29.048Z","src":{"file":"D:\\youfirst-main\\services\\users.js","line":121},"v":0}
{"name":"systemlogs","hostname":"CSCINDAH771391","pid":13832,"level":30,"userId":"a20474567892345678900021","userEmail":"admin@appxl.com","msg":"User Data Updated","time":"2016-09-28T08:14:59.540Z","src":{"file":"D:\\youfirst-main\\services\\users.js","line":121},"v":0}
{"name":"systemlogs","hostname":"CSCINDAH771391","pid":13680,"level":30,"userId":"a20474567892345678900021","userEmail":"admin@appxl.com","msg":"User Data Updated","time":"2016-09-28T08:23:17.757Z","src":{"file":"D:\\youfirst-main\\services\\users.js","line":121},"v":0}
{"name":"systemlogs","hostname":"CSCINDAH771391","pid":14920,"level":30,"userId":"a20474567892345678900021","userEmail":"admin@appxl.com","msg":"User Data Updated","time":"2016-09-28T08:29:20.347Z","src":{"file":"D:\\youfirst-main\\services\\users.js","line":121},"v":0}
{"name":"systemlogs","hostname":"CSCINDAH771391","pid":12432,"level":30,"userId":"a20474567892345678900021","userEmail":"admin@appxl.com","msg":"User Data Updated","time":"2016-09-28T08:34:13.141Z","src":{"file":"D:\\youfirst-main\\services\\users.js","line":121},"v":0}
{"name":"systemlogs","hostname":"CSCINDAH771391","pid":12432,"level":30,"userId":"a20474567892345678900021","userEmail":"admin@appxl.com","msg":"User Data Updated","time":"2016-09-28T08:38:07.658Z","src":{"file":"D:\\youfirst-main\\services\\users.js","line":121},"v":0}
{"name":"systemlogs","hostname":"CSCINDAH771391","pid":4724,"level":30,"userId":"a20474567892345678900021","userEmail":"admin@appxl.com","msg":"User Data Updated","time":"2016-09-28T08:49:00.640Z","src":{"file":"D:\\youfirst-main\\services\\users.js","line":121},"v":0}
{"name":"systemlogs","hostname":"CSCINDAH771391","pid":6340,"level":30,"userId":"a20474567892345678900021","userEmail":"admin@appxl.com","msg":"User Data Updated","time":"2016-09-28T08:49:44.962Z","src":{"file":"D:\\youfirst-main\\services\\users.js","line":121},"v":0}
{"name":"systemlogs","hostname":"CSCINDAH771391","pid":12608,"level":30,"userId":"a20474567892345678900021","userEmail":"admin@appxl.com","msg":"User Data Updated","time":"2016-09-28T09:08:59.025Z","src":{"file":"D:\\youfirst-main\\services\\users.js","line":121},"v":0}
{"name":"systemlogs","hostname":"CSCINDAH771391","pid":5084,"level":30,"userId":"a20474567892345678900021","userEmail":"admin@appxl.com","msg":"User Data Updated","time":"2016-09-28T09:10:28.968Z","src":{"file":"D:\\youfirst-main\\services\\users.js","line":121},"v":0}
{"name":"systemlogs","hostname":"CSCINDAH771391","pid":15096,"level":30,"userId":"a20474567892345678900021","userEmail":"admin@appxl.com","msg":"User Data Updated","time":"2016-09-28T09:27:47.909Z","src":{"file":"D:\\youfirst-main\\services\\users.js","line":121},"v":0}
{"name":"systemlogs","hostname":"CSCINDAH771391","pid":13896,"level":30,"userId":"a20474567892345678900021","userEmail":"admin@appxl.com","msg":"User Data Updated","time":"2016-09-28T09:28:57.574Z","src":{"file":"D:\\youfirst-main\\services\\users.js","line":121},"v":0}
{"name":"systemlogs","hostname":"CSCINDAH771391","pid":11276,"level":30,"userId":"a20474567892345678900021","userEmail":"admin@appxl.com","msg":"User Data Updated","time":"2016-09-28T09:47:00.576Z","src":{"file":"D:\\youfirst-main\\services\\users.js","line":121},"v":0}
{"name":"systemlogs","hostname":"CSCINDAH771391","pid":14788,"level":30,"userId":"a20474567892345678900021","userEmail":"admin@appxl.com","msg":"User Data Updated","time":"2016-09-28T09:48:13.197Z","src":{"file":"D:\\youfirst-main\\services\\users.js","line":121},"v":0}
{"name":"systemlogs","hostname":"CSCINDAH771391","pid":12676,"level":30,"userId":"a20474567892345678900021","userEmail":"admin@appxl.com","msg":"User Data Updated","time":"2016-09-28T09:49:11.936Z","src":{"file":"D:\\youfirst-main\\services\\users.js","line":121},"v":0}
{"name":"systemlogs","hostname":"CSCINDAH771391","pid":16864,"level":30,"userId":"a20474567892345678900021","userEmail":"admin@appxl.com","msg":"User Data Updated","time":"2016-09-28T10:36:26.933Z","src":{"file":"D:\\youfirst-main\\services\\users.js","line":121},"v":0}
{"name":"systemlogs","hostname":"CSCINDAH771391","pid":1596,"level":30,"userId":"a20474567892345678900021","userEmail":"admin@appxl.com","msg":"User Data Updated","time":"2016-09-28T10:41:03.116Z","src":{"file":"D:\\youfirst-main\\services\\users.js","line":121},"v":0}
{"name":"systemlogs","hostname":"CSCINDAH771391","pid":14040,"level":30,"userId":"a20474567892345678900021","userEmail":"admin@appxl.com","msg":"User Data Updated","time":"2016-09-28T10:45:10.612Z","src":{"file":"D:\\youfirst-main\\services\\users.js","line":121},"v":0}
{"name":"systemlogs","hostname":"CSCINDAH771391","pid":7464,"level":30,"userId":"a20474567892345678900021","userEmail":"admin@appxl.com","msg":"User Data Updated","time":"2016-09-28T11:28:05.182Z","src":{"file":"D:\\youfirst-main\\services\\users.js","line":121},"v":0}
{"name":"systemlogs","hostname":"CSCINDAH771391","pid":17312,"level":30,"userId":"a20474567892345678900021","userEmail":"admin@appxl.com","msg":"User Data Updated","time":"2016-09-28T11:40:15.505Z","src":{"file":"D:\\youfirst-main\\services\\users.js","line":121},"v":0}
{"name":"systemlogs","hostname":"CSCINDAH771391","pid":17312,"level":30,"userId":"a20474567892345678900021","userEmail":"admin@appxl.com","msg":"User Data Updated","time":"2016-09-28T11:46:33.219Z","src":{"file":"D:\\youfirst-main\\services\\users.js","line":121},"v":0}
{"name":"systemlogs","hostname":"CSCINDAH771391","pid":15488,"level":30,"userId":"a20474567892345678900021","userEmail":"admin@appxl.com","msg":"User Data Updated","time":"2016-09-28T11:54:48.834Z","src":{"file":"D:\\youfirst-main\\services\\users.js","line":121},"v":0}
{"name":"systemlogs","hostname":"CSCINDAH771391","pid":15116,"level":30,"userId":"a20474567892345678900021","userEmail":"admin@appxl.com","msg":"User Data Updated","time":"2016-09-28T12:02:17.417Z","src":{"file":"D:\\youfirst-main\\services\\users.js","line":121},"v":0}
{"name":"systemlogs","hostname":"CSCINDAH771391","pid":16776,"level":30,"userId":"a20474567892345678900021","userEmail":"admin@appxl.com","msg":"User Data Updated","time":"2016-09-28T12:29:50.892Z","src":{"file":"D:\\youfirst-main\\services\\users.js","line":121},"v":0}
{"name":"systemlogs","hostname":"CSCINDAH771391","pid":11200,"level":30,"userId":"a20474567892345678900021","userEmail":"admin@appxl.com","msg":"User Data Updated","time":"2016-09-28T12:31:27.575Z","src":{"file":"D:\\youfirst-main\\services\\users.js","line":121},"v":0}
{"name":"systemlogs","hostname":"CSCINDAH771391","pid":12420,"level":30,"userId":"a20474567892345678900021","userEmail":"admin@appxl.com","msg":"User Data Updated","time":"2016-09-29T03:02:43.670Z","src":{"file":"D:\\youfirst-main\\services\\users.js","line":121},"v":0}
{"name":"systemlogs","hostname":"CSCINDAH771391","pid":8208,"level":30,"userId":"a20474567892345678900021","userEmail":"admin@appxl.com","msg":"User Data Updated","time":"2016-09-29T03:26:11.451Z","src":{"file":"D:\\youfirst-main\\services\\users.js","line":121},"v":0}
{"name":"systemlogs","hostname":"CSCINDAH771391","pid":15976,"level":30,"userId":"a20474567892345678900021","userEmail":"admin@appxl.com","msg":"User Data Updated","time":"2016-09-29T03:50:08.690Z","src":{"file":"D:\\youfirst-main\\services\\users.js","line":121},"v":0}
{"name":"systemlogs","hostname":"CSCINDAH771391","pid":16568,"level":30,"userId":"a20474567892345678900021","userEmail":"admin@appxl.com","msg":"User Data Updated","time":"2016-09-29T03:53:51.768Z","src":{"file":"D:\\youfirst-main\\services\\users.js","line":121},"v":0}
{"name":"systemlogs","hostname":"CSCINDAH771391","pid":15836,"level":30,"userId":"a20474567892345678900021","userEmail":"admin@appxl.com","msg":"User Data Updated","time":"2016-09-29T03:59:57.785Z","src":{"file":"D:\\youfirst-main\\services\\users.js","line":121},"v":0}
{"name":"systemlogs","hostname":"CSCINDAH771391","pid":16132,"level":30,"userId":"a20474567892345678900021","userEmail":"admin@appxl.com","msg":"User Data Updated","time":"2016-09-29T04:02:08.424Z","src":{"file":"D:\\youfirst-main\\services\\users.js","line":121},"v":0}
{"name":"systemlogs","hostname":"CSCINDAH771391","pid":17356,"level":30,"userId":"a20474567892345678900021","userEmail":"admin@appxl.com","msg":"User Data Updated","time":"2016-09-29T06:07:13.001Z","src":{"file":"D:\\youfirst-main\\services\\users.js","line":121},"v":0}
{"name":"systemlogs","hostname":"CSCINDAH771391","pid":16700,"level":30,"userId":"a20474567892345678900021","userEmail":"admin@appxl.com","msg":"User Data Updated","time":"2016-09-29T06:10:58.129Z","src":{"file":"D:\\youfirst-main\\services\\users.js","line":121},"v":0}
{"name":"systemlogs","hostname":"CSCINDAH771391","pid":5824,"level":30,"userId":"a20474567892345678900021","userEmail":"admin@appxl.com","msg":"User Data Updated","time":"2016-09-29T06:18:12.569Z","src":{"file":"D:\\youfirst-main\\services\\users.js","line":121},"v":0}
{"name":"systemlogs","hostname":"CSCINDAH771391","pid":16852,"level":30,"userId":"a20474567892345678900021","userEmail":"admin@appxl.com","msg":"User Data Updated","time":"2016-09-29T06:27:42.009Z","src":{"file":"D:\\youfirst-main\\services\\users.js","line":121},"v":0}
{"name":"systemlogs","hostname":"CSCINDAH771391","pid":17072,"level":30,"userId":"a20474567892345678900021","userEmail":"admin@appxl.com","msg":"User Data Updated","time":"2016-09-29T06:30:01.684Z","src":{"file":"D:\\youfirst-main\\services\\users.js","line":121},"v":0}
{"name":"systemlogs","hostname":"CSCINDAH771391","pid":16944,"level":30,"userId":"a20474567892345678900021","userEmail":"admin@appxl.com","msg":"User Data Updated","time":"2016-09-29T06:31:52.575Z","src":{"file":"D:\\youfirst-main\\services\\users.js","line":121},"v":0}
{"name":"systemlogs","hostname":"CSCINDAH771391","pid":7652,"level":30,"userId":"a20474567892345678900021","userEmail":"admin@appxl.com","msg":"User Data Updated","time":"2016-09-29T06:33:05.509Z","src":{"file":"D:\\youfirst-main\\services\\users.js","line":121},"v":0}
{"name":"systemlogs","hostname":"CSCINDAH771391","pid":4724,"level":30,"userId":"a20474567892345678900021","userEmail":"admin@appxl.com","msg":"User Data Updated","time":"2016-09-29T06:37:24.011Z","src":{"file":"D:\\youfirst-main\\services\\users.js","line":121},"v":0}
{"name":"systemlogs","hostname":"CSCINDAH771391","pid":13208,"level":30,"userId":"a20474567892345678900021","userEmail":"admin@appxl.com","msg":"User Data Updated","time":"2016-09-29T06:39:33.632Z","src":{"file":"D:\\youfirst-main\\services\\users.js","line":121},"v":0}
{"name":"systemlogs","hostname":"CSCINDAH771391","pid":9972,"level":30,"userId":"a20474567892345678900021","userEmail":"admin@appxl.com","msg":"User Data Updated","time":"2016-09-29T06:44:50.060Z","src":{"file":"D:\\youfirst-main\\services\\users.js","line":121},"v":0}
{"name":"systemlogs","hostname":"CSCINDAH771391","pid":9972,"level":50,"err":{"message":"Cast to ObjectId failed for value \"undefined\" at path \"_id\"","name":"CastError","type":"ObjectId","value":"undefined","path":"_id"},"msg":"Error in Position By Id Service","time":"2016-09-29T06:44:58.319Z","src":{"file":"D:\\youfirst-main\\services\\positions.js","line":49},"v":0}
{"name":"systemlogs","hostname":"CSCINDAH771391","pid":14480,"level":30,"userId":"a20474567892345678900021","userEmail":"admin@appxl.com","msg":"User Data Updated","time":"2016-09-29T06:49:16.828Z","src":{"file":"D:\\youfirst-main\\services\\users.js","line":121},"v":0}
{"name":"systemlogs","hostname":"CSCINDAH771391","pid":11016,"level":30,"userId":"a20474567892345678900021","userEmail":"admin@appxl.com","msg":"User Data Updated","time":"2016-09-29T07:05:46.623Z","src":{"file":"D:\\youfirst-main\\services\\users.js","line":121},"v":0}
{"name":"systemlogs","hostname":"CSCINDAH771391","pid":14808,"level":30,"userId":"a20474567892345678900021","userEmail":"admin@appxl.com","msg":"User Data Updated","time":"2016-09-29T07:49:22.684Z","src":{"file":"D:\\youfirst-main\\services\\users.js","line":121},"v":0}
{"name":"systemlogs","hostname":"CSCINDAH771391","pid":5452,"level":30,"userId":"a20474567892345678900021","userEmail":"admin@appxl.com","msg":"User Data Updated","time":"2016-09-29T08:06:57.832Z","src":{"file":"D:\\youfirst-main\\services\\users.js","line":121},"v":0}
{"name":"systemlogs","hostname":"CSCINDAH771391","pid":5452,"level":30,"userId":"a20474567892345678900021","userEmail":"admin@appxl.com","msg":"User Data Updated","time":"2016-09-29T08:08:19.443Z","src":{"file":"D:\\youfirst-main\\services\\users.js","line":121},"v":0}
{"name":"systemlogs","hostname":"CSCINDAH771391","pid":11128,"level":30,"userId":"a20474567892345678900021","userEmail":"admin@appxl.com","msg":"User Data Updated","time":"2016-09-29T08:23:37.823Z","src":{"file":"D:\\youfirst-main\\services\\users.js","line":121},"v":0}
{"name":"systemlogs","hostname":"CSCINDAH771391","pid":11128,"level":30,"userId":"a20474567892345678900021","userEmail":"admin@appxl.com","msg":"User Data Updated","time":"2016-09-29T08:30:03.320Z","src":{"file":"D:\\youfirst-main\\services\\users.js","line":121},"v":0}
{"name":"systemlogs","hostname":"CSCINDAH771391","pid":9316,"level":60,"err":"Unexpected token :","msg":"Uncaught Exception","time":"2016-09-29T09:59:36.390Z","src":{"file":"D:\\youfirst-main\\scripts\\process.js","line":7},"v":0}
{"name":"systemlogs","hostname":"CSCINDAH771391","pid":12880,"level":60,"err":"Unexpected token :","msg":"Uncaught Exception","time":"2016-09-29T10:02:05.215Z","src":{"file":"D:\\youfirst-main\\scripts\\process.js","line":7},"v":0}
{"name":"systemlogs","hostname":"CSCINDAH771391","pid":3164,"level":60,"err":"Unexpected token :","msg":"Uncaught Exception","time":"2016-09-29T10:07:35.704Z","src":{"file":"D:\\youfirst-main\\scripts\\process.js","line":7},"v":0}
{"name":"systemlogs","hostname":"CSCINDAH771391","pid":16660,"level":60,"err":"Unexpected token :","msg":"Uncaught Exception","time":"2016-09-29T10:14:50.831Z","src":{"file":"D:\\youfirst-main\\scripts\\process.js","line":7},"v":0}
{"name":"systemlogs","hostname":"CSCINDAH771391","pid":16788,"level":60,"err":"Unexpected token :","msg":"Uncaught Exception","time":"2016-09-29T10:16:09.348Z","src":{"file":"D:\\youfirst-main\\scripts\\process.js","line":7},"v":0}
{"name":"systemlogs","hostname":"CSCINDAH771391","pid":9952,"level":60,"err":"Unexpected token :","msg":"Uncaught Exception","time":"2016-09-29T10:19:08.520Z","src":{"file":"D:\\youfirst-main\\scripts\\process.js","line":7},"v":0}
{"name":"systemlogs","hostname":"CSCINDAH771391","pid":11588,"level":60,"err":"Unexpected token :","msg":"Uncaught Exception","time":"2016-09-29T10:20:52.857Z","src":{"file":"D:\\youfirst-main\\scripts\\process.js","line":7},"v":0}
{"name":"systemlogs","hostname":"CSCINDAH771391","pid":8676,"level":60,"err":"Unexpected token :","msg":"Uncaught Exception","time":"2016-09-29T10:22:31.209Z","src":{"file":"D:\\youfirst-main\\scripts\\process.js","line":7},"v":0}
{"name":"systemlogs","hostname":"CSCINDAH771391","pid":13888,"level":60,"err":"Unexpected token :","msg":"Uncaught Exception","time":"2016-09-29T10:27:59.939Z","src":{"file":"D:\\youfirst-main\\scripts\\process.js","line":7},"v":0}
{"name":"systemlogs","hostname":"CSCINDAH771391","pid":12068,"level":60,"err":"Unexpected token :","msg":"Uncaught Exception","time":"2016-09-29T10:30:30.820Z","src":{"file":"D:\\youfirst-main\\scripts\\process.js","line":7},"v":0}
{"name":"systemlogs","hostname":"CSCINDAH771391","pid":5912,"level":60,"err":"Unexpected token :","msg":"Uncaught Exception","time":"2016-09-29T10:34:33.493Z","src":{"file":"D:\\youfirst-main\\scripts\\process.js","line":7},"v":0}
{"name":"systemlogs","hostname":"CSCINDAH771391","pid":5504,"level":60,"err":"Unexpected token :","msg":"Uncaught Exception","time":"2016-09-29T10:37:16.618Z","src":{"file":"D:\\youfirst-main\\scripts\\process.js","line":7},"v":0}
{"name":"systemlogs","hostname":"CSCINDAH771391","pid":15700,"level":60,"err":"candidates is not defined","msg":"Uncaught Exception","time":"2016-09-29T10:40:49.077Z","src":{"file":"D:\\youfirst-main\\scripts\\process.js","line":7},"v":0}
{"name":"systemlogs","hostname":"CSCINDAH771391","pid":14408,"level":30,"userId":"a20474567892345678900021","userEmail":"admin@appxl.com","msg":"User Data Updated","time":"2016-09-29T10:42:54.553Z","src":{"file":"D:\\youfirst-main\\services\\users.js","line":121},"v":0}
{"name":"systemlogs","hostname":"CSCINDAH771391","pid":14224,"level":60,"err":"Unexpected token :","msg":"Uncaught Exception","time":"2016-09-29T10:45:13.938Z","src":{"file":"D:\\youfirst-main\\scripts\\process.js","line":7},"v":0}
{"name":"systemlogs","hostname":"CSCINDAH771391","pid":14788,"level":60,"err":"Unexpected token :","msg":"Uncaught Exception","time":"2016-09-29T10:48:16.635Z","src":{"file":"D:\\youfirst-main\\scripts\\process.js","line":7},"v":0}
{"name":"systemlogs","hostname":"CSCINDAH771391","pid":16300,"level":60,"err":"Unexpected token :","msg":"Uncaught Exception","time":"2016-09-29T10:55:26.043Z","src":{"file":"D:\\youfirst-main\\scripts\\process.js","line":7},"v":0}
{"name":"systemlogs","hostname":"CSCINDAH771391","pid":15640,"level":60,"err":"Unexpected token :","msg":"Uncaught Exception","time":"2016-09-29T10:59:31.541Z","src":{"file":"D:\\youfirst-main\\scripts\\process.js","line":7},"v":0}
{"name":"systemlogs","hostname":"CSCINDAH771391","pid":12068,"level":60,"err":"Unexpected token :","msg":"Uncaught Exception","time":"2016-09-29T11:01:13.073Z","src":{"file":"D:\\youfirst-main\\scripts\\process.js","line":7},"v":0}
{"name":"systemlogs","hostname":"CSCINDAH771391","pid":14036,"level":60,"err":"Unexpected token :","msg":"Uncaught Exception","time":"2016-09-29T11:11:29.101Z","src":{"file":"D:\\youfirst-main\\scripts\\process.js","line":7},"v":0}
{"name":"systemlogs","hostname":"CSCINDAH771391","pid":14080,"level":60,"err":"Unexpected token :","msg":"Uncaught Exception","time":"2016-09-29T11:13:02.088Z","src":{"file":"D:\\youfirst-main\\scripts\\process.js","line":7},"v":0}
{"name":"systemlogs","hostname":"CSCINDAH771391","pid":16440,"level":60,"err":"Unexpected token :","msg":"Uncaught Exception","time":"2016-09-29T11:24:42.874Z","src":{"file":"D:\\youfirst-main\\scripts\\process.js","line":7},"v":0}
{"name":"systemlogs","hostname":"CSCINDAH771391","pid":13460,"level":60,"err":"Unexpected token :","msg":"Uncaught Exception","time":"2016-09-29T11:29:09.047Z","src":{"file":"D:\\youfirst-main\\scripts\\process.js","line":7},"v":0}
{"name":"systemlogs","hostname":"CSCINDAH771391","pid":11972,"level":60,"err":"Unexpected token :","msg":"Uncaught Exception","time":"2016-09-29T12:18:41.450Z","src":{"file":"D:\\youfirst-main\\scripts\\process.js","line":7},"v":0}
{"name":"systemlogs","hostname":"CSCINDAH771391","pid":11952,"level":60,"err":"Unexpected token :","msg":"Uncaught Exception","time":"2016-09-29T12:40:52.196Z","src":{"file":"D:\\youfirst-main\\scripts\\process.js","line":7},"v":0}
{"name":"systemlogs","hostname":"CSCINDAH771391","pid":14608,"level":60,"err":"Unexpected token :","msg":"Uncaught Exception","time":"2016-09-29T12:41:31.145Z","src":{"file":"D:\\youfirst-main\\scripts\\process.js","line":7},"v":0}
{"name":"systemlogs","hostname":"CSCINDAH771391","pid":13088,"level":30,"userId":"a20474567892345678900021","userEmail":"admin@appxl.com","msg":"User Data Updated","time":"2016-09-29T13:51:13.786Z","src":{"file":"D:\\youfirst-main\\services\\users.js","line":121},"v":0}
{"name":"systemlogs","hostname":"CSCINDAH771391","pid":2552,"level":30,"userId":"a20474567892345678900021","userEmail":"admin@appxl.com","msg":"User Data Updated","time":"2016-09-29T13:54:18.715Z","src":{"file":"D:\\youfirst-main\\services\\users.js","line":121},"v":0}
{"name":"systemlogs","hostname":"CSCINDAH771391","pid":16420,"level":30,"userId":"a20474567892345678900021","userEmail":"admin@appxl.com","msg":"User Data Updated","time":"2016-09-29T13:58:57.969Z","src":{"file":"D:\\youfirst-main\\services\\users.js","line":121},"v":0}
{"name":"systemlogs","hostname":"CSCINDAH771391","pid":12608,"level":30,"userId":"a20474567892345678900021","userEmail":"admin@appxl.com","msg":"User Data Updated","time":"2016-09-29T14:00:50.036Z","src":{"file":"D:\\youfirst-main\\services\\users.js","line":121},"v":0}
{"name":"systemlogs","hostname":"CSCINDAH771391","pid":15652,"level":30,"userId":"a20474567892345678900021","userEmail":"admin@appxl.com","msg":"User Data Updated","time":"2016-09-29T14:02:30.721Z","src":{"file":"D:\\youfirst-main\\services\\users.js","line":121},"v":0}
{"name":"systemlogs","hostname":"CSCINDAH771391","pid":6072,"level":30,"userId":"a20474567892345678900021","userEmail":"admin@appxl.com","msg":"User Data Updated","time":"2016-09-29T14:04:35.421Z","src":{"file":"D:\\youfirst-main\\services\\users.js","line":121},"v":0}
{"name":"systemlogs","hostname":"CSCINDAH771391","pid":1224,"level":30,"userId":"a20474567892345678900021","userEmail":"admin@appxl.com","msg":"User Data Updated","time":"2016-09-29T14:08:41.138Z","src":{"file":"D:\\youfirst-main\\services\\users.js","line":121},"v":0}
{"name":"systemlogs","hostname":"CSCINDAH771391","pid":11952,"level":30,"userId":"a20474567892345678900021","userEmail":"admin@appxl.com","msg":"User Data Updated","time":"2016-09-29T14:21:00.630Z","src":{"file":"D:\\youfirst-main\\services\\users.js","line":121},"v":0}
{"name":"systemlogs","hostname":"CSCINDAH771391","pid":8380,"level":30,"userId":"a20474567892345678900021","userEmail":"admin@appxl.com","msg":"User Data Updated","time":"2016-09-29T14:37:02.874Z","src":{"file":"D:\\youfirst-main\\services\\users.js","line":121},"v":0}
{"name":"systemlogs","hostname":"CSCINDAH771391","pid":11512,"level":30,"userId":"a20474567892345678900021","userEmail":"admin@appxl.com","msg":"User Data Updated","time":"2016-09-29T14:47:06.219Z","src":{"file":"D:\\youfirst-main\\services\\users.js","line":121},"v":0}
{"name":"systemlogs","hostname":"CSCINDAH771391","pid":15564,"level":30,"userId":"a20474567892345678900021","userEmail":"admin@appxl.com","msg":"User Data Updated","time":"2016-09-29T14:48:41.122Z","src":{"file":"D:\\youfirst-main\\services\\users.js","line":121},"v":0}
{"name":"systemlogs","hostname":"CSCINDAH771391","pid":11512,"level":30,"userId":"a20474567892345678900021","userEmail":"admin@appxl.com","msg":"User Data Updated","time":"2016-09-29T14:51:18.587Z","src":{"file":"D:\\youfirst-main\\services\\users.js","line":121},"v":0}
{"name":"systemlogs","hostname":"CSCINDAH771391","pid":15016,"level":30,"userId":"a20474567892345678900021","userEmail":"admin@appxl.com","msg":"User Data Updated","time":"2016-09-29T14:54:10.547Z","src":{"file":"D:\\youfirst-main\\services\\users.js","line":121},"v":0}
{"name":"systemlogs","hostname":"CSCINDAH771391","pid":15152,"level":30,"userId":"a20474567892345678900021","userEmail":"admin@appxl.com","msg":"User Data Updated","time":"2016-09-29T15:05:54.808Z","src":{"file":"D:\\youfirst-main\\services\\users.js","line":121},"v":0}
{"name":"systemlogs","hostname":"CSCINDAH771391","pid":15944,"level":30,"userId":"a20474567892345678900021","userEmail":"admin@appxl.com","msg":"User Data Updated","time":"2016-09-29T15:09:50.058Z","src":{"file":"D:\\youfirst-main\\services\\users.js","line":121},"v":0}
{"name":"systemlogs","hostname":"CSCINDAH771391","pid":8744,"level":30,"userId":"a20474567892345678900021","userEmail":"admin@appxl.com","msg":"User Data Updated","time":"2016-09-29T16:22:19.513Z","src":{"file":"D:\\youfirst-main\\services\\users.js","line":121},"v":0}
{"name":"systemlogs","hostname":"CSCINDAH771391","pid":11812,"level":30,"userId":"a20474567892345678900021","userEmail":"admin@appxl.com","msg":"User Data Updated","time":"2016-09-29T16:40:29.033Z","src":{"file":"D:\\youfirst-main\\services\\users.js","line":121},"v":0}
{"name":"systemlogs","hostname":"CSCINDAH771391","pid":14676,"level":30,"userId":"a20474567892345678900021","userEmail":"admin@appxl.com","msg":"User Data Updated","time":"2016-09-29T16:44:04.910Z","src":{"file":"D:\\youfirst-main\\services\\users.js","line":121},"v":0}
{"name":"systemlogs","hostname":"CSCINDAH771391","pid":17120,"level":30,"userId":"a20474567892345678900021","userEmail":"admin@appxl.com","msg":"User Data Updated","time":"2016-09-29T16:46:48.780Z","src":{"file":"D:\\youfirst-main\\services\\users.js","line":121},"v":0}
{"name":"systemlogs","hostname":"CSCINDAH771391","pid":13484,"level":30,"userId":"a20474567892345678900021","userEmail":"admin@appxl.com","msg":"User Data Updated","time":"2016-09-29T16:53:12.983Z","src":{"file":"D:\\youfirst-main\\services\\users.js","line":121},"v":0}
{"name":"systemlogs","hostname":"CSCINDAH771391","pid":11500,"level":30,"userId":"a20474567892345678900021","userEmail":"admin@appxl.com","msg":"User Data Updated","time":"2016-09-29T16:56:16.948Z","src":{"file":"D:\\youfirst-main\\services\\users.js","line":121},"v":0}
{"name":"systemlogs","hostname":"CSCINDAH771391","pid":14064,"level":30,"userId":"a20474567892345678900021","userEmail":"admin@appxl.com","msg":"User Data Updated","time":"2016-09-29T16:59:24.675Z","src":{"file":"D:\\youfirst-main\\services\\users.js","line":121},"v":0}
{"name":"systemlogs","hostname":"CSCINDAH771391","pid":15628,"level":30,"userId":"a20474567892345678900021","userEmail":"admin@appxl.com","msg":"User Data Updated","time":"2016-09-29T17:02:58.065Z","src":{"file":"D:\\youfirst-main\\services\\users.js","line":121},"v":0}
{"name":"systemlogs","hostname":"CSCINDAH771391","pid":11016,"level":30,"userId":"a20474567892345678900021","userEmail":"admin@appxl.com","msg":"User Data Updated","time":"2016-09-29T17:07:08.665Z","src":{"file":"D:\\youfirst-main\\services\\users.js","line":121},"v":0}
{"name":"systemlogs","hostname":"CSCINDAH771391","pid":12420,"level":30,"userId":"a20474567892345678900021","userEmail":"admin@appxl.com","msg":"User Data Updated","time":"2016-09-29T17:10:31.140Z","src":{"file":"D:\\youfirst-main\\services\\users.js","line":121},"v":0}
{"name":"systemlogs","hostname":"CSCINDAH771391","pid":16680,"level":30,"userId":"a20474567892345678900021","userEmail":"admin@appxl.com","msg":"User Data Updated","time":"2016-09-29T17:17:42.441Z","src":{"file":"D:\\youfirst-main\\services\\users.js","line":121},"v":0}
{"name":"systemlogs","hostname":"CSCINDAH771391","pid":17528,"level":30,"userId":"a20474567892345678900021","userEmail":"admin@appxl.com","msg":"User Data Updated","time":"2016-09-30T05:27:26.127Z","src":{"file":"D:\\youfirst-main\\services\\users.js","line":121},"v":0}
{"name":"systemlogs","hostname":"CSCINDAH771391","pid":17844,"level":30,"userId":"a20474567892345678900021","userEmail":"admin@appxl.com","msg":"User Data Updated","time":"2016-09-30T06:09:14.454Z","src":{"file":"D:\\youfirst-main\\services\\users.js","line":121},"v":0}
{"name":"systemlogs","hostname":"CSCINDAH771391","pid":7620,"level":30,"userId":"a20474567892345678900021","userEmail":"admin@appxl.com","msg":"User Data Updated","time":"2016-09-30T06:17:51.106Z","src":{"file":"D:\\youfirst-main\\services\\users.js","line":121},"v":0}
{"name":"systemlogs","hostname":"CSCINDAH771391","pid":14268,"level":30,"userId":"a20474567892345678900021","userEmail":"admin@appxl.com","msg":"User Data Updated","time":"2016-09-30T09:26:30.372Z","src":{"file":"D:\\youfirst-main\\services\\users.js","line":121},"v":0}
{"name":"systemlogs","hostname":"CSCINDAH771391","pid":17852,"level":50,"err":{"message":"Cast to ObjectId failed for value \"candidates\" at path \"_id\"","name":"CastError","type":"ObjectId","value":"candidates","path":"_id"},"msg":"Error in Position By Id Service","time":"2016-09-30T09:28:15.145Z","src":{"file":"D:\\youfirst-main\\services\\positions.js","line":51},"v":0}
{"name":"systemlogs","hostname":"CSCINDAH771391","pid":17852,"level":50,"err":{"message":"Cast to ObjectId failed for value \"candidates\" at path \"_id\"","name":"CastError","type":"ObjectId","value":"candidates","path":"_id"},"msg":"Error in Position By Id Service","time":"2016-09-30T09:28:51.024Z","src":{"file":"D:\\youfirst-main\\services\\positions.js","line":51},"v":0}
{"name":"systemlogs","hostname":"CSCINDAH771391","pid":12068,"level":50,"err":{"message":"Cast to ObjectId failed for value \"candidates\" at path \"_id\"","name":"CastError","type":"ObjectId","value":"candidates","path":"_id"},"msg":"Error in Position By Id Service","time":"2016-09-30T09:33:16.492Z","src":{"file":"D:\\youfirst-main\\services\\positions.js","line":51},"v":0}
{"name":"systemlogs","hostname":"CSCINDAH771391","pid":12068,"level":50,"err":{"message":"Cast to ObjectId failed for value \"candidates\" at path \"_id\"","name":"CastError","type":"ObjectId","value":"candidates","path":"_id"},"msg":"Error in Position By Id Service","time":"2016-09-30T09:33:18.313Z","src":{"file":"D:\\youfirst-main\\services\\positions.js","line":51},"v":0}
{"name":"systemlogs","hostname":"CSCINDAH771391","pid":12068,"level":50,"err":{"message":"Cast to ObjectId failed for value \"candidates\" at path \"_id\"","name":"CastError","type":"ObjectId","value":"candidates","path":"_id"},"msg":"Error in Position By Id Service","time":"2016-09-30T09:33:19.306Z","src":{"file":"D:\\youfirst-main\\services\\positions.js","line":51},"v":0}
{"name":"systemlogs","hostname":"CSCINDAH771391","pid":12068,"level":50,"err":{"message":"Cast to ObjectId failed for value \"candidates\" at path \"_id\"","name":"CastError","type":"ObjectId","value":"candidates","path":"_id"},"msg":"Error in Position By Id Service","time":"2016-09-30T09:35:36.225Z","src":{"file":"D:\\youfirst-main\\services\\positions.js","line":51},"v":0}
{"name":"systemlogs","hostname":"CSCINDAH771391","pid":14616,"level":50,"err":{"message":"Cast to ObjectId failed for value \"candidates\" at path \"_id\"","name":"CastError","type":"ObjectId","value":"candidates","path":"_id"},"msg":"Error in Position By Id Service","time":"2016-09-30T09:44:49.855Z","src":{"file":"D:\\youfirst-main\\services\\positions.js","line":51},"v":0}
{"name":"systemlogs","hostname":"CSCINDAH771391","pid":14616,"level":50,"err":{"message":"Cast to ObjectId failed for value \"candidates\" at path \"_id\"","name":"CastError","type":"ObjectId","value":"candidates","path":"_id"},"msg":"Error in Position By Id Service","time":"2016-09-30T09:44:51.026Z","src":{"file":"D:\\youfirst-main\\services\\positions.js","line":51},"v":0}
{"name":"systemlogs","hostname":"CSCINDAH771391","pid":14616,"level":50,"err":{"message":"Cast to ObjectId failed for value \"candidates\" at path \"_id\"","name":"CastError","type":"ObjectId","value":"candidates","path":"_id"},"msg":"Error in Position By Id Service","time":"2016-09-30T09:44:51.778Z","src":{"file":"D:\\youfirst-main\\services\\positions.js","line":51},"v":0}
{"name":"systemlogs","hostname":"CSCINDAH771391","pid":14616,"level":50,"err":{"message":"Cast to ObjectId failed for value \"candidates\" at path \"_id\"","name":"CastError","type":"ObjectId","value":"candidates","path":"_id"},"msg":"Error in Position By Id Service","time":"2016-09-30T09:44:53.509Z","src":{"file":"D:\\youfirst-main\\services\\positions.js","line":51},"v":0}
{"name":"systemlogs","hostname":"CSCINDAH771391","pid":14616,"level":50,"err":{"message":"Cast to ObjectId failed for value \"candidates\" at path \"_id\"","name":"CastError","type":"ObjectId","value":"candidates","path":"_id"},"msg":"Error in Position By Id Service","time":"2016-09-30T09:44:56.161Z","src":{"file":"D:\\youfirst-main\\services\\positions.js","line":51},"v":0}
{"name":"systemlogs","hostname":"CSCINDAH771391","pid":2552,"level":30,"userId":"a20474567892345678900021","userEmail":"admin@appxl.com","msg":"User Data Updated","time":"2016-09-30T09:55:57.582Z","src":{"file":"D:\\youfirst-main\\services\\users.js","line":121},"v":0}
{"name":"systemlogs","hostname":"CSCINDAH771391","pid":2552,"level":50,"err":{"message":"Cast to ObjectId failed for value \"candidates\" at path \"_id\"","name":"CastError","type":"ObjectId","value":"candidates","path":"_id"},"msg":"Error in Position By Id Service","time":"2016-09-30T09:56:19.336Z","src":{"file":"D:\\youfirst-main\\services\\positions.js","line":51},"v":0}
{"name":"systemlogs","hostname":"CSCINDAH771391","pid":16088,"level":30,"userId":"a20474567892345678900021","userEmail":"admin@appxl.com","msg":"User Data Updated","time":"2016-09-30T10:10:19.854Z","src":{"file":"D:\\youfirst-main\\services\\users.js","line":121},"v":0}
{"name":"systemlogs","hostname":"CSCINDAH771391","pid":16860,"level":30,"userId":"a20474567892345678900021","userEmail":"admin@appxl.com","msg":"User Data Updated","time":"2016-09-30T10:19:46.187Z","src":{"file":"D:\\youfirst-main\\services\\users.js","line":121},"v":0}
{"name":"systemlogs","hostname":"CSCINDAH771391","pid":19444,"level":30,"userId":"a20474567892345678900021","userEmail":"admin@appxl.com","msg":"User Data Updated","time":"2016-09-30T11:19:31.451Z","src":{"file":"D:\\youfirst-main\\services\\users.js","line":121},"v":0}
{"name":"systemlogs","hostname":"CSCINDAH771391","pid":8184,"level":30,"userId":"a20474567892345678900021","userEmail":"admin@appxl.com","msg":"User Data Updated","time":"2016-09-30T11:48:33.203Z","src":{"file":"D:\\youfirst-main\\services\\users.js","line":121},"v":0}
{"name":"systemlogs","hostname":"CSCINDAH771391","pid":13712,"level":30,"userId":"a20474567892345678900021","userEmail":"admin@appxl.com","msg":"User Data Updated","time":"2016-09-30T11:58:17.904Z","src":{"file":"D:\\youfirst-main\\services\\users.js","line":121},"v":0}
{"name":"systemlogs","hostname":"CSCINDAH771391","pid":13380,"level":30,"userId":"a20474567892345678900021","userEmail":"admin@appxl.com","msg":"User Data Updated","time":"2016-09-30T12:01:32.414Z","src":{"file":"D:\\youfirst-main\\services\\users.js","line":121},"v":0}
{"name":"systemlogs","hostname":"CSCINDAH771391","pid":19236,"level":30,"userId":"a20474567892345678900021","userEmail":"admin@appxl.com","msg":"User Data Updated","time":"2016-09-30T12:12:45.592Z","src":{"file":"D:\\youfirst-main\\services\\users.js","line":121},"v":0}
{"name":"systemlogs","hostname":"CSCINDAH771391","pid":19236,"level":30,"userId":"a20474567892345678900021","userEmail":"admin@appxl.com","msg":"User Data Updated","time":"2016-09-30T12:12:58.650Z","src":{"file":"D:\\youfirst-main\\services\\users.js","line":121},"v":0}
{"name":"systemlogs","hostname":"CSCINDAH771391","pid":14676,"level":30,"userId":"a20474567892345678900021","userEmail":"admin@appxl.com","msg":"User Data Updated","time":"2016-10-01T02:31:12.009Z","src":{"file":"D:\\youfirst-main\\services\\users.js","line":121},"v":0}
{"name":"systemlogs","hostname":"CSCINDAH771391","pid":14676,"level":30,"userId":"a20474567892345678900021","userEmail":"admin@appxl.com","msg":"User Data Updated","time":"2016-10-01T02:51:54.304Z","src":{"file":"D:\\youfirst-main\\services\\users.js","line":121},"v":0}
{"name":"systemlogs","hostname":"CSCINDAH771391","pid":16692,"level":30,"userId":"a20474567892345678900021","userEmail":"admin@appxl.com","msg":"User Data Updated","time":"2016-10-01T04:35:55.544Z","src":{"file":"D:\\youfirst-main\\services\\users.js","line":121},"v":0}
{"name":"systemlogs","hostname":"CSCINDAH771391","pid":13872,"level":30,"userId":"a20474567892345678900021","userEmail":"admin@appxl.com","msg":"User Data Updated","time":"2016-10-01T05:17:15.978Z","src":{"file":"D:\\youfirst-main\\services\\users.js","line":121},"v":0}
{"name":"systemlogs","hostname":"CSCINDAH771391","pid":15560,"level":30,"userId":"a20474567892345678900021","userEmail":"admin@appxl.com","msg":"User Data Updated","time":"2016-10-01T05:32:43.773Z","src":{"file":"D:\\youfirst-main\\services\\users.js","line":121},"v":0}
{"name":"systemlogs","hostname":"CSCINDAH771391","pid":18436,"level":30,"userId":"a20474567892345678900021","userEmail":"admin@appxl.com","msg":"User Data Updated","time":"2016-10-01T05:39:41.965Z","src":{"file":"D:\\youfirst-main\\services\\users.js","line":121},"v":0}
{"name":"systemlogs","hostname":"CSCINDAH771391","pid":13076,"level":30,"userId":"a20474567892345678900021","userEmail":"admin@appxl.com","msg":"User Data Updated","time":"2016-10-01T05:45:45.736Z","src":{"file":"D:\\youfirst-main\\services\\users.js","line":121},"v":0}
{"name":"systemlogs","hostname":"CSCINDAH771391","pid":5344,"level":30,"userId":"a20474567892345678900021","userEmail":"admin@appxl.com","msg":"User Data Updated","time":"2016-10-01T05:49:20.412Z","src":{"file":"D:\\youfirst-main\\services\\users.js","line":121},"v":0}
{"name":"systemlogs","hostname":"CSCINDAH771391","pid":18488,"level":30,"userId":"a20474567892345678900021","userEmail":"admin@appxl.com","msg":"User Data Updated","time":"2016-10-01T05:51:04.540Z","src":{"file":"D:\\youfirst-main\\services\\users.js","line":121},"v":0}
{"name":"systemlogs","hostname":"CSCINDAH771391","pid":17836,"level":30,"userId":"a20474567892345678900021","userEmail":"admin@appxl.com","msg":"User Data Updated","time":"2016-10-01T06:01:22.679Z","src":{"file":"D:\\youfirst-main\\services\\users.js","line":121},"v":0}
{"name":"systemlogs","hostname":"CSCINDAH771391","pid":17428,"level":30,"userId":"a20474567892345678900021","userEmail":"admin@appxl.com","msg":"User Data Updated","time":"2016-10-01T06:07:07.077Z","src":{"file":"D:\\youfirst-main\\services\\users.js","line":121},"v":0}
{"name":"systemlogs","hostname":"CSCINDAH771391","pid":4104,"level":30,"userId":"a20474567892345678900021","userEmail":"admin@appxl.com","msg":"User Data Updated","time":"2016-10-01T06:11:09.706Z","src":{"file":"D:\\youfirst-main\\services\\users.js","line":121},"v":0}
{"name":"systemlogs","hostname":"CSCINDAH771391","pid":1228,"level":30,"userId":"a20474567892345678900021","userEmail":"admin@appxl.com","msg":"User Data Updated","time":"2016-10-01T06:19:49.392Z","src":{"file":"D:\\youfirst-main\\services\\users.js","line":121},"v":0}
{"name":"systemlogs","hostname":"CSCINDAH771391","pid":13048,"level":30,"userId":"a20474567892345678900021","userEmail":"admin@appxl.com","msg":"User Data Updated","time":"2016-10-01T06:24:36.374Z","src":{"file":"D:\\youfirst-main\\services\\users.js","line":121},"v":0}
{"name":"systemlogs","hostname":"CSCINDAH771391","pid":17760,"level":30,"userId":"a20474567892345678900021","userEmail":"admin@appxl.com","msg":"User Data Updated","time":"2016-10-01T06:26:10.397Z","src":{"file":"D:\\youfirst-main\\services\\users.js","line":121},"v":0}
{"name":"systemlogs","hostname":"CSCINDAH771391","pid":15100,"level":30,"userId":"a20474567892345678900021","userEmail":"admin@appxl.com","msg":"User Data Updated","time":"2016-10-01T06:27:16.115Z","src":{"file":"D:\\youfirst-main\\services\\users.js","line":121},"v":0}
{"name":"systemlogs","hostname":"CSCINDAH771391","pid":18756,"level":30,"userId":"a20474567892345678900021","userEmail":"admin@appxl.com","msg":"User Data Updated","time":"2016-10-01T06:28:14.891Z","src":{"file":"D:\\youfirst-main\\services\\users.js","line":121},"v":0}
{"name":"systemlogs","hostname":"CSCINDAH771391","pid":8996,"level":30,"userId":"a20474567892345678900021","userEmail":"admin@appxl.com","msg":"User Data Updated","time":"2016-10-01T06:34:22.639Z","src":{"file":"D:\\youfirst-main\\services\\users.js","line":121},"v":0}
{"name":"systemlogs","hostname":"CSCINDAH771391","pid":4556,"level":30,"userId":"a20474567892345678900021","userEmail":"admin@appxl.com","msg":"User Data Updated","time":"2016-10-01T06:39:35.460Z","src":{"file":"D:\\youfirst-main\\services\\users.js","line":121},"v":0}
{"name":"systemlogs","hostname":"CSCINDAH771391","pid":18224,"level":30,"userId":"a20474567892345678900021","userEmail":"admin@appxl.com","msg":"User Data Updated","time":"2016-10-01T06:42:38.087Z","src":{"file":"D:\\youfirst-main\\services\\users.js","line":121},"v":0}
{"name":"systemlogs","hostname":"CSCINDAH771391","pid":18224,"level":30,"userId":"a20474567892345678900021","userEmail":"admin@appxl.com","msg":"User Data Updated","time":"2016-10-01T06:45:14.084Z","src":{"file":"D:\\youfirst-main\\services\\users.js","line":121},"v":0}
{"name":"systemlogs","hostname":"CSCINDAH771391","pid":17436,"level":30,"userId":"a20474567892345678900021","userEmail":"admin@appxl.com","msg":"User Data Updated","time":"2016-10-01T06:55:22.518Z","src":{"file":"D:\\youfirst-main\\services\\users.js","line":121},"v":0}
{"name":"systemlogs","hostname":"CSCINDAH771391","pid":17532,"level":30,"userId":"a20474567892345678900021","userEmail":"admin@appxl.com","msg":"User Data Updated","time":"2016-10-01T06:59:35.843Z","src":{"file":"D:\\youfirst-main\\services\\users.js","line":121},"v":0}
{"name":"systemlogs","hostname":"CSCINDAH771391","pid":17896,"level":30,"userId":"a20474567892345678900021","userEmail":"admin@appxl.com","msg":"User Data Updated","time":"2016-10-01T07:27:04.424Z","src":{"file":"D:\\youfirst-main\\services\\users.js","line":121},"v":0}
{"name":"systemlogs","hostname":"CSCINDAH771391","pid":17776,"level":30,"userId":"a20474567892345678900021","userEmail":"admin@appxl.com","msg":"User Data Updated","time":"2016-10-01T07:30:33.327Z","src":{"file":"D:\\youfirst-main\\services\\users.js","line":121},"v":0}
{"name":"systemlogs","hostname":"CSCINDAH771391","pid":17680,"level":30,"userId":"a20474567892345678900021","userEmail":"admin@appxl.com","msg":"User Data Updated","time":"2016-10-01T07:39:02.402Z","src":{"file":"D:\\youfirst-main\\services\\users.js","line":121},"v":0}
{"name":"systemlogs","hostname":"CSCINDAH771391","pid":16156,"level":30,"userId":"a20474567892345678900021","userEmail":"admin@appxl.com","msg":"User Data Updated","time":"2016-10-01T07:43:31.124Z","src":{"file":"D:\\youfirst-main\\services\\users.js","line":121},"v":0}
{"name":"systemlogs","hostname":"CSCINDAH771391","pid":16156,"level":30,"userId":"a20474567892345678900021","userEmail":"admin@appxl.com","msg":"User Data Updated","time":"2016-10-01T07:47:43.104Z","src":{"file":"D:\\youfirst-main\\services\\users.js","line":121},"v":0}
{"name":"systemlogs","hostname":"CSCINDAH771391","pid":19076,"level":30,"userId":"a20474567892345678900021","userEmail":"admin@appxl.com","msg":"User Data Updated","time":"2016-10-01T08:11:21.229Z","src":{"file":"D:\\youfirst-main\\services\\users.js","line":121},"v":0}
{"name":"systemlogs","hostname":"CSCINDAH771391","pid":17820,"level":30,"userId":"a20474567892345678900021","userEmail":"admin@appxl.com","msg":"User Data Updated","time":"2016-10-01T08:16:28.033Z","src":{"file":"D:\\youfirst-main\\services\\users.js","line":121},"v":0}
{"name":"systemlogs","hostname":"CSCINDAH771391","pid":11764,"level":30,"userId":"a20474567892345678900021","userEmail":"admin@appxl.com","msg":"User Data Updated","time":"2016-10-01T08:17:56.745Z","src":{"file":"D:\\youfirst-main\\services\\users.js","line":121},"v":0}
{"name":"systemlogs","hostname":"CSCINDAH771391","pid":16680,"level":30,"userId":"a20474567892345678900021","userEmail":"admin@appxl.com","msg":"User Data Updated","time":"2016-10-01T08:19:32.007Z","src":{"file":"D:\\youfirst-main\\services\\users.js","line":121},"v":0}
{"name":"systemlogs","hostname":"CSCINDAH771391","pid":16020,"level":30,"userId":"a20474567892345678900021","userEmail":"admin@appxl.com","msg":"User Data Updated","time":"2016-10-01T08:22:25.898Z","src":{"file":"D:\\youfirst-main\\services\\users.js","line":121},"v":0}
{"name":"systemlogs","hostname":"CSCINDAH771391","pid":19020,"level":30,"userId":"a20474567892345678900021","userEmail":"admin@appxl.com","msg":"User Data Updated","time":"2016-10-01T08:23:49.002Z","src":{"file":"D:\\youfirst-main\\services\\users.js","line":121},"v":0}
{"name":"systemlogs","hostname":"CSCINDAH771391","pid":10884,"level":30,"userId":"a20474567892345678900021","userEmail":"admin@appxl.com","msg":"User Data Updated","time":"2016-10-01T08:25:20.526Z","src":{"file":"D:\\youfirst-main\\services\\users.js","line":121},"v":0}
{"name":"systemlogs","hostname":"CSCINDAH771391","pid":10884,"level":30,"userId":"a20474567892345678900021","userEmail":"admin@appxl.com","msg":"User Data Updated","time":"2016-10-01T09:53:42.176Z","src":{"file":"D:\\youfirst-main\\services\\users.js","line":121},"v":0}
{"name":"systemlogs","hostname":"CSCINDAH771391","pid":11984,"level":30,"userId":"a20474567892345678900021","userEmail":"admin@appxl.com","msg":"User Data Updated","time":"2016-10-01T10:09:08.068Z","src":{"file":"D:\\youfirst-main\\services\\users.js","line":121},"v":0}
{"name":"systemlogs","hostname":"CSCINDAH771391","pid":13452,"level":30,"userId":"a20474567892345678900021","userEmail":"admin@appxl.com","msg":"User Data Updated","time":"2016-10-01T10:35:45.949Z","src":{"file":"D:\\youfirst-main\\services\\users.js","line":121},"v":0}
{"name":"systemlogs","hostname":"CSCINDAH771391","pid":5256,"level":30,"userId":"a20474567892345678900021","userEmail":"admin@appxl.com","msg":"User Data Updated","time":"2016-10-01T10:38:31.491Z","src":{"file":"D:\\youfirst-main\\services\\users.js","line":121},"v":0}
{"name":"systemlogs","hostname":"CSCINDAH771391","pid":18972,"level":30,"userId":"a20474567892345678900021","userEmail":"admin@appxl.com","msg":"User Data Updated","time":"2016-10-01T11:06:08.039Z","src":{"file":"D:\\youfirst-main\\services\\users.js","line":121},"v":0}
{"name":"systemlogs","hostname":"CSCINDAH771391","pid":10892,"level":30,"userId":"a20474567892345678900021","userEmail":"admin@appxl.com","msg":"User Data Updated","time":"2016-10-01T11:20:39.545Z","src":{"file":"D:\\youfirst-main\\services\\users.js","line":121},"v":0}
{"name":"systemlogs","hostname":"CSCINDAH771391","pid":19260,"level":30,"userId":"a20474567892345678900021","userEmail":"admin@appxl.com","msg":"User Data Updated","time":"2016-10-01T11:24:36.799Z","src":{"file":"D:\\youfirst-main\\services\\users.js","line":121},"v":0}
{"name":"systemlogs","hostname":"CSCINDAH771391","pid":7808,"level":30,"userId":"a20474567892345678900021","userEmail":"admin@appxl.com","msg":"User Data Updated","time":"2016-10-01T11:26:55.659Z","src":{"file":"D:\\youfirst-main\\services\\users.js","line":121},"v":0}
{"name":"systemlogs","hostname":"CSCINDAH771391","pid":12760,"level":30,"userId":"a20474567892345678900021","userEmail":"admin@appxl.com","msg":"User Data Updated","time":"2016-10-01T11:45:10.873Z","src":{"file":"D:\\youfirst-main\\services\\users.js","line":121},"v":0}
{"name":"systemlogs","hostname":"CSCINDAH771391","pid":16732,"level":30,"userId":"a20474567892345678900021","userEmail":"admin@appxl.com","msg":"User Data Updated","time":"2016-10-01T11:46:49.514Z","src":{"file":"D:\\youfirst-main\\services\\users.js","line":121},"v":0}
{"name":"systemlogs","hostname":"CSCINDAH771391","pid":9312,"level":30,"userId":"a20474567892345678900021","userEmail":"admin@appxl.com","msg":"User Data Updated","time":"2016-10-01T11:53:23.217Z","src":{"file":"D:\\youfirst-main\\services\\users.js","line":121},"v":0}
{"name":"systemlogs","hostname":"CSCINDAH771391","pid":9312,"level":30,"userId":"a20474567892345678900021","userEmail":"admin@appxl.com","msg":"User Data Updated","time":"2016-10-01T11:54:27.736Z","src":{"file":"D:\\youfirst-main\\services\\users.js","line":121},"v":0}
{"name":"systemlogs","hostname":"CSCINDAH771391","pid":18840,"level":30,"userId":"a20474567892345678900021","userEmail":"admin@appxl.com","msg":"User Data Updated","time":"2016-10-01T12:15:35.323Z","src":{"file":"D:\\youfirst-main\\services\\users.js","line":121},"v":0}
{"name":"systemlogs","hostname":"CSCINDAH771391","pid":19176,"level":30,"userId":"a20474567892345678900021","userEmail":"admin@appxl.com","msg":"User Data Updated","time":"2016-10-01T12:27:23.704Z","src":{"file":"D:\\youfirst-main\\services\\users.js","line":121},"v":0}
{"name":"systemlogs","hostname":"CSCINDAH771391","pid":17320,"level":30,"userId":"a20474567892345678900021","userEmail":"admin@appxl.com","msg":"User Data Updated","time":"2016-10-01T13:04:36.922Z","src":{"file":"D:\\youfirst-main\\services\\users.js","line":121},"v":0}
{"name":"systemlogs","hostname":"CSCINDAH771391","pid":776,"level":30,"userId":"a20474567892345678900021","userEmail":"admin@appxl.com","msg":"User Data Updated","time":"2016-10-01T13:09:53.016Z","src":{"file":"D:\\youfirst-main\\services\\users.js","line":121},"v":0}
{"name":"systemlogs","hostname":"CSCINDAH771391","pid":12112,"level":30,"userId":"a20474567892345678900021","userEmail":"admin@appxl.com","msg":"User Data Updated","time":"2016-10-01T13:19:49.114Z","src":{"file":"D:\\youfirst-main\\services\\users.js","line":121},"v":0}
{"name":"systemlogs","hostname":"CSCINDAH771391","pid":12112,"level":30,"userId":"a20474567892345678900021","userEmail":"admin@appxl.com","msg":"User Data Updated","time":"2016-10-01T13:20:56.783Z","src":{"file":"D:\\youfirst-main\\services\\users.js","line":121},"v":0}
{"name":"systemlogs","hostname":"CSCINDAH771391","pid":17876,"level":30,"userId":"a20474567892345678900021","userEmail":"admin@appxl.com","msg":"User Data Updated","time":"2016-10-01T13:40:34.610Z","src":{"file":"D:\\youfirst-main\\services\\users.js","line":121},"v":0}
{"name":"systemlogs","hostname":"CSCINDAH771391","pid":17768,"level":30,"userId":"a20474567892345678900021","userEmail":"admin@appxl.com","msg":"User Data Updated","time":"2016-10-01T13:42:33.242Z","src":{"file":"D:\\youfirst-main\\services\\users.js","line":121},"v":0}
{"name":"systemlogs","hostname":"CSCINDAH771391","pid":15720,"level":30,"userId":"a20474567892345678900021","userEmail":"admin@appxl.com","msg":"User Data Updated","time":"2016-10-01T13:45:02.868Z","src":{"file":"D:\\youfirst-main\\services\\users.js","line":121},"v":0}
{"name":"systemlogs","hostname":"CSCINDAH771391","pid":17284,"level":30,"userId":"a20474567892345678900021","userEmail":"admin@appxl.com","msg":"User Data Updated","time":"2016-10-01T13:47:20.101Z","src":{"file":"D:\\youfirst-main\\services\\users.js","line":121},"v":0}
{"name":"systemlogs","hostname":"CSCINDAH771391","pid":1164,"level":30,"userId":"a20474567892345678900021","userEmail":"admin@appxl.com","msg":"User Data Updated","time":"2016-10-01T13:48:34.209Z","src":{"file":"D:\\youfirst-main\\services\\users.js","line":121},"v":0}
{"name":"systemlogs","hostname":"CSCINDAH771391","pid":19280,"level":30,"userId":"a20474567892345678900021","userEmail":"admin@appxl.com","msg":"User Data Updated","time":"2016-10-01T13:52:24.144Z","src":{"file":"D:\\youfirst-main\\services\\users.js","line":121},"v":0}
{"name":"systemlogs","hostname":"CSCINDAH771391","pid":3676,"level":30,"userId":"a20474567892345678900021","userEmail":"admin@appxl.com","msg":"User Data Updated","time":"2016-10-01T14:03:17.095Z","src":{"file":"D:\\youfirst-main\\services\\users.js","line":121},"v":0}
{"name":"systemlogs","hostname":"CSCINDAH771391","pid":18292,"level":30,"userId":"a20474567892345678900021","userEmail":"admin@appxl.com","msg":"User Data Updated","time":"2016-10-01T14:31:24.759Z","src":{"file":"D:\\youfirst-main\\services\\users.js","line":121},"v":0}
{"name":"systemlogs","hostname":"CSCINDAH771391","pid":18292,"level":30,"userId":"a20474567892345678900021","userEmail":"admin@appxl.com","msg":"User Data Updated","time":"2016-10-01T14:33:45.941Z","src":{"file":"D:\\youfirst-main\\services\\users.js","line":121},"v":0}
{"name":"systemlogs","hostname":"CSCINDAH771391","pid":12608,"level":30,"userId":"a20474567892345678900021","userEmail":"admin@appxl.com","msg":"User Data Updated","time":"2016-10-01T14:59:02.693Z","src":{"file":"D:\\youfirst-main\\services\\users.js","line":121},"v":0}
{"name":"systemlogs","hostname":"CSCINDAH771391","pid":14528,"level":30,"userId":"a20474567892345678900021","userEmail":"admin@appxl.com","msg":"User Data Updated","time":"2016-10-01T15:03:59.422Z","src":{"file":"D:\\youfirst-main\\services\\users.js","line":121},"v":0}
{"name":"systemlogs","hostname":"CSCINDAH771391","pid":18792,"level":30,"userId":"a20474567892345678900021","userEmail":"admin@appxl.com","msg":"User Data Updated","time":"2016-10-02T00:37:55.339Z","src":{"file":"D:\\youfirst-main\\services\\users.js","line":121},"v":0}
{"name":"systemlogs","hostname":"CSCINDAH771391","pid":18792,"level":30,"userId":"a20474567892345678900021","userEmail":"admin@appxl.com","msg":"User Data Updated","time":"2016-10-02T00:39:41.355Z","src":{"file":"D:\\youfirst-main\\services\\users.js","line":121},"v":0}
{"name":"systemlogs","hostname":"CSCINDAH771391","pid":7476,"level":30,"userId":"a20474567892345678900021","userEmail":"admin@appxl.com","msg":"User Data Updated","time":"2016-10-02T00:53:45.192Z","src":{"file":"D:\\youfirst-main\\services\\users.js","line":121},"v":0}
{"name":"systemlogs","hostname":"CSCINDAH771391","pid":16996,"level":30,"userId":"a20474567892345678900021","userEmail":"admin@appxl.com","msg":"User Data Updated","time":"2016-10-02T00:58:25.002Z","src":{"file":"D:\\youfirst-main\\services\\users.js","line":121},"v":0}
{"name":"systemlogs","hostname":"CSCINDAH771391","pid":11840,"level":30,"userId":"a20474567892345678900021","userEmail":"admin@appxl.com","msg":"User Data Updated","time":"2016-10-02T01:25:59.946Z","src":{"file":"D:\\youfirst-main\\services\\users.js","line":121},"v":0}
{"name":"systemlogs","hostname":"CSCINDAH771391","pid":17452,"level":30,"userId":"a20474567892345678900021","userEmail":"admin@appxl.com","msg":"User Data Updated","time":"2016-10-02T01:34:06.590Z","src":{"file":"D:\\youfirst-main\\services\\users.js","line":121},"v":0}
{"name":"systemlogs","hostname":"CSCINDAH771391","pid":17836,"level":30,"userId":"a20474567892345678900021","userEmail":"admin@appxl.com","msg":"User Data Updated","time":"2016-10-02T01:35:51.242Z","src":{"file":"D:\\youfirst-main\\services\\users.js","line":121},"v":0}
{"name":"systemlogs","hostname":"CSCINDAH771391","pid":6584,"level":30,"userId":"a20474567892345678900021","userEmail":"admin@appxl.com","msg":"User Data Updated","time":"2016-10-02T01:37:39.522Z","src":{"file":"D:\\youfirst-main\\services\\users.js","line":121},"v":0}
{"name":"systemlogs","hostname":"CSCINDAH771391","pid":17456,"level":30,"userId":"a20474567892345678900021","userEmail":"admin@appxl.com","msg":"User Data Updated","time":"2016-10-02T01:39:45.435Z","src":{"file":"D:\\youfirst-main\\services\\users.js","line":121},"v":0}
{"name":"systemlogs","hostname":"CSCINDAH771391","pid":12432,"level":30,"userId":"a20474567892345678900021","userEmail":"admin@appxl.com","msg":"User Data Updated","time":"2016-10-02T01:46:25.429Z","src":{"file":"D:\\youfirst-main\\services\\users.js","line":121},"v":0}
{"name":"systemlogs","hostname":"CSCINDAH771391","pid":14956,"level":30,"userId":"a20474567892345678900021","userEmail":"admin@appxl.com","msg":"User Data Updated","time":"2016-10-02T02:13:45.348Z","src":{"file":"D:\\youfirst-main\\services\\users.js","line":121},"v":0}
{"name":"systemlogs","hostname":"CSCINDAH771391","pid":12316,"level":30,"userId":"a20474567892345678900021","userEmail":"admin@appxl.com","msg":"User Data Updated","time":"2016-10-02T02:34:57.402Z","src":{"file":"D:\\youfirst-main\\services\\users.js","line":121},"v":0}
{"name":"systemlogs","hostname":"CSCINDAH771391","pid":13884,"level":30,"userId":"a20474567892345678900021","userEmail":"admin@appxl.com","msg":"User Data Updated","time":"2016-10-02T02:45:52.962Z","src":{"file":"D:\\youfirst-main\\services\\users.js","line":121},"v":0}
{"name":"systemlogs","hostname":"CSCINDAH771391","pid":16716,"level":30,"userId":"a20474567892345678900021","userEmail":"admin@appxl.com","msg":"User Data Updated","time":"2016-10-02T02:51:13.200Z","src":{"file":"D:\\youfirst-main\\services\\users.js","line":121},"v":0}
{"name":"systemlogs","hostname":"CSCINDAH771391","pid":8664,"level":30,"userId":"a20474567892345678900021","userEmail":"admin@appxl.com","msg":"User Data Updated","time":"2016-10-02T02:56:45.585Z","src":{"file":"D:\\youfirst-main\\services\\users.js","line":121},"v":0}
{"name":"systemlogs","hostname":"CSCINDAH771391","pid":10000,"level":30,"userId":"a20474567892345678900021","userEmail":"admin@appxl.com","msg":"User Data Updated","time":"2016-10-02T03:21:14.136Z","src":{"file":"D:\\youfirst-main\\services\\users.js","line":121},"v":0}
{"name":"systemlogs","hostname":"CSCINDAH771391","pid":18352,"level":30,"userId":"a20474567892345678900021","userEmail":"admin@appxl.com","msg":"User Data Updated","time":"2016-10-02T03:40:33.192Z","src":{"file":"D:\\youfirst-main\\services\\users.js","line":121},"v":0}
{"name":"systemlogs","hostname":"CSCINDAH771391","pid":14552,"level":30,"userId":"a20474567892345678900021","userEmail":"admin@appxl.com","msg":"User Data Updated","time":"2016-10-02T04:57:31.726Z","src":{"file":"D:\\youfirst-main\\services\\users.js","line":121},"v":0}
{"name":"systemlogs","hostname":"CSCINDAH771391","pid":11592,"level":30,"userId":"a20474567892345678900021","userEmail":"admin@appxl.com","msg":"User Data Updated","time":"2016-10-02T05:01:24.949Z","src":{"file":"D:\\youfirst-main\\services\\users.js","line":121},"v":0}
{"name":"systemlogs","hostname":"CSCINDAH771391","pid":15356,"level":30,"userId":"a20474567892345678900021","userEmail":"admin@appxl.com","msg":"User Data Updated","time":"2016-10-02T06:27:56.094Z","src":{"file":"D:\\youfirst-main\\services\\users.js","line":121},"v":0}
{"name":"systemlogs","hostname":"CSCINDAH771391","pid":17352,"level":30,"userId":"a20474567892345678900021","userEmail":"admin@appxl.com","msg":"User Data Updated","time":"2016-10-02T07:10:22.259Z","src":{"file":"D:\\youfirst-main\\services\\users.js","line":121},"v":0}
{"name":"systemlogs","hostname":"CSCINDAH771391","pid":17352,"level":30,"userId":"a20474567892345678900021","userEmail":"admin@appxl.com","msg":"User Data Updated","time":"2016-10-02T07:22:47.354Z","src":{"file":"D:\\youfirst-main\\services\\users.js","line":121},"v":0}
{"name":"systemlogs","hostname":"CSCINDAH771391","pid":10140,"level":30,"userId":"a20474567892345678900021","userEmail":"admin@appxl.com","msg":"User Data Updated","time":"2016-10-02T08:04:50.688Z","src":{"file":"D:\\youfirst-main\\services\\users.js","line":121},"v":0}
{"name":"systemlogs","hostname":"CSCINDAH771391","pid":10140,"level":30,"userId":"a20474567892345678900021","userEmail":"admin@appxl.com","msg":"User Data Updated","time":"2016-10-02T08:08:41.321Z","src":{"file":"D:\\youfirst-main\\services\\users.js","line":121},"v":0}
{"name":"systemlogs","hostname":"CSCINDAH771391","pid":16688,"level":30,"userId":"a20474567892345678900021","userEmail":"admin@appxl.com","msg":"User Data Updated","time":"2016-10-02T08:21:56.226Z","src":{"file":"D:\\youfirst-main\\services\\users.js","line":121},"v":0}
{"name":"systemlogs","hostname":"CSCINDAH771391","pid":13344,"level":30,"userId":"a20474567892345678900021","userEmail":"admin@appxl.com","msg":"User Data Updated","time":"2016-10-02T08:26:27.014Z","src":{"file":"D:\\youfirst-main\\services\\users.js","line":121},"v":0}
{"name":"systemlogs","hostname":"CSCINDAH771391","pid":13344,"level":30,"userId":"a20474567892345678900021","userEmail":"admin@appxl.com","msg":"User Data Updated","time":"2016-10-02T08:27:47.891Z","src":{"file":"D:\\youfirst-main\\services\\users.js","line":121},"v":0}
{"name":"systemlogs","hostname":"CSCINDAH771391","pid":15412,"level":30,"userId":"a20474567892345678900021","userEmail":"admin@appxl.com","msg":"User Data Updated","time":"2016-10-02T09:31:29.370Z","src":{"file":"D:\\youfirst-main\\services\\users.js","line":121},"v":0}
{"name":"systemlogs","hostname":"CSCINDAH771391","pid":17336,"level":30,"userId":"a20474567892345678900021","userEmail":"admin@appxl.com","msg":"User Data Updated","time":"2016-10-02T09:42:42.794Z","src":{"file":"D:\\youfirst-main\\services\\users.js","line":121},"v":0}
{"name":"systemlogs","hostname":"CSCINDAH771391","pid":2892,"level":30,"userId":"a20474567892345678900021","userEmail":"admin@appxl.com","msg":"User Data Updated","time":"2016-10-02T09:46:49.853Z","src":{"file":"D:\\youfirst-main\\services\\users.js","line":121},"v":0}
{"name":"systemlogs","hostname":"CSCINDAH771391","pid":2892,"level":30,"userId":"a20474567892345678900021","userEmail":"admin@appxl.com","msg":"User Data Updated","time":"2016-10-02T09:47:55.224Z","src":{"file":"D:\\youfirst-main\\services\\users.js","line":121},"v":0}
{"name":"systemlogs","hostname":"CSCINDAH771391","pid":18012,"level":30,"userId":"a20474567892345678900021","userEmail":"admin@appxl.com","msg":"User Data Updated","time":"2016-10-02T10:43:58.757Z","src":{"file":"D:\\youfirst-main\\services\\users.js","line":121},"v":0}
{"name":"systemlogs","hostname":"CSCINDAH771391","pid":18012,"level":30,"userId":"a20474567892345678900021","userEmail":"admin@appxl.com","msg":"User Data Updated","time":"2016-10-02T10:48:14.731Z","src":{"file":"D:\\youfirst-main\\services\\users.js","line":121},"v":0}
{"name":"systemlogs","hostname":"CSCINDAH771391","pid":18012,"level":30,"userId":"a20474567892345678900021","userEmail":"admin@appxl.com","msg":"User Data Updated","time":"2016-10-02T10:53:11.963Z","src":{"file":"D:\\youfirst-main\\services\\users.js","line":121},"v":0}
{"name":"systemlogs","hostname":"CSCINDAH771391","pid":19316,"level":30,"userId":"a20474567892345678900021","userEmail":"admin@appxl.com","msg":"User Data Updated","time":"2016-10-02T11:41:04.623Z","src":{"file":"D:\\youfirst-main\\services\\users.js","line":121},"v":0}
{"name":"systemlogs","hostname":"CSCINDAH771391","pid":13708,"level":30,"userId":"a20474567892345678900021","userEmail":"admin@appxl.com","msg":"User Data Updated","time":"2016-10-02T12:04:48.974Z","src":{"file":"D:\\youfirst-main\\services\\users.js","line":121},"v":0}
{"name":"systemlogs","hostname":"CSCINDAH771391","pid":19076,"level":30,"userId":"a20474567892345678900021","userEmail":"admin@appxl.com","msg":"User Data Updated","time":"2016-10-02T12:07:22.852Z","src":{"file":"D:\\youfirst-main\\services\\users.js","line":121},"v":0}
{"name":"systemlogs","hostname":"CSCINDAH771391","pid":17512,"level":30,"userId":"a20474567892345678900021","userEmail":"admin@appxl.com","msg":"User Data Updated","time":"2016-10-02T12:10:39.257Z","src":{"file":"D:\\youfirst-main\\services\\users.js","line":121},"v":0}
{"name":"systemlogs","hostname":"CSCINDAH771391","pid":16136,"level":30,"userId":"a20474567892345678900021","userEmail":"admin@appxl.com","msg":"User Data Updated","time":"2016-10-02T12:47:56.419Z","src":{"file":"D:\\youfirst-main\\services\\users.js","line":121},"v":0}
{"name":"systemlogs","hostname":"CSCINDAH771391","pid":16136,"level":30,"userId":"a20474567892345678900021","userEmail":"admin@appxl.com","msg":"User Data Updated","time":"2016-10-02T12:49:57.187Z","src":{"file":"D:\\youfirst-main\\services\\users.js","line":121},"v":0}
{"name":"systemlogs","hostname":"CSCINDAH771391","pid":16136,"level":30,"userId":"a20474567892345678900021","userEmail":"admin@appxl.com","msg":"User Data Updated","time":"2016-10-02T13:00:22.244Z","src":{"file":"D:\\youfirst-main\\services\\users.js","line":121},"v":0}
{"name":"systemlogs","hostname":"CSCINDAH771391","pid":17928,"level":30,"userId":"a20474567892345678900021","userEmail":"admin@appxl.com","msg":"User Data Updated","time":"2016-10-03T05:34:53.778Z","src":{"file":"D:\\youfirst-main\\services\\users.js","line":121},"v":0}
{"name":"systemlogs","hostname":"CSCINDAH771391","pid":17928,"level":30,"userId":"a20474567892345678900021","userEmail":"admin@appxl.com","msg":"User Data Updated","time":"2016-10-03T05:37:18.610Z","src":{"file":"D:\\youfirst-main\\services\\users.js","line":121},"v":0}
{"name":"systemlogs","hostname":"CSCINDAH771391","pid":17928,"level":30,"userId":"a20474567892345678900021","userEmail":"admin@appxl.com","msg":"User Data Updated","time":"2016-10-03T06:38:05.395Z","src":{"file":"D:\\youfirst-main\\services\\users.js","line":121},"v":0}
{"name":"systemlogs","hostname":"CSCINDAH771391","pid":17928,"level":30,"userId":"a20474567892345678900021","userEmail":"admin@appxl.com","msg":"User Data Updated","time":"2016-10-03T07:12:43.191Z","src":{"file":"D:\\youfirst-main\\services\\users.js","line":121},"v":0}
